# JRE version: OpenJDK Runtime Environment (23.0.1+11) (build 23.0.1+11-39)
# Java VM: OpenJDK 64-Bit Server VM (23.0.1+11-39, mixed mode, emulated-client, sharing, tiered, compressed oops, compressed class ptrs, g1 gc, windows-amd64)
GC Precious Log:
 CardTable entry size: 512
 Card Set container configuration: InlinePtr #cards 5 size 8 Array Of Cards #cards 10 size 36 Howl #buckets 4 coarsen threshold 1843 Howl Bitmap #cards 512 size 80 coarsen threshold 460 Card regions per heap region 1 cards per card region 2048
 CPUs: 16 total, 16 available
 Memory: 7365M
 Large Page Support: Disabled
 NUMA Support: Disabled
 Compressed Oops: Enabled (32-bit)
 Heap Region Size: 1M
 Heap Min Capacity: 8M
 Heap Initial Capacity: 116M
 Heap Max Capacity: 1842M
 Pre-touch: Disabled
 Parallel Workers: 13
 Concurrent Workers: 3
 Concurrent Refinement Workers: 13
 Periodic GC: Disabled
Heap:
 garbage-first heap   total reserved 1886208K, committed 280576K, used 113543K [0x000000008ce00000, 0x0000000100000000)
  region size 1024K, 12 young (12288K), 12 survivors (12288K)
 Metaspace       used 76078K, committed 76800K, reserved 1179648K
  class space    used 11307K, committed 11584K, reserved 1048576K
GC Heap History (20 events):
Event: 13.216 GC heap after
{Heap after GC invocations=36 (full 0):
 garbage-first heap   total reserved 1886208K, committed 139264K, used 51175K [0x000000008ce00000, 0x0000000100000000)
  region size 1024K, 2 young (2048K), 2 survivors (2048K)
 Metaspace       used 75223K, committed 75968K, reserved 1114112K
  class space    used 11088K, committed 11392K, reserved 1048576K
}
Event: 13.327 GC heap before
{Heap before GC invocations=36 (full 0):
 garbage-first heap   total reserved 1886208K, committed 139264K, used 121831K [0x000000008ce00000, 0x0000000100000000)
  region size 1024K, 70 young (71680K), 2 survivors (2048K)
 Metaspace       used 75224K, committed 75968K, reserved 1114112K
  class space    used 11088K, committed 11392K, reserved 1048576K
}
Event: 13.338 GC heap after
{Heap after GC invocations=37 (full 0):
 garbage-first heap   total reserved 1886208K, committed 143360K, used 70831K [0x000000008ce00000, 0x0000000100000000)
  region size 1024K, 9 young (9216K), 9 survivors (9216K)
 Metaspace       used 75224K, committed 75968K, reserved 1114112K
  class space    used 11088K, committed 11392K, reserved 1048576K
}
Event: 13.403 GC heap before
{Heap before GC invocations=37 (full 0):
 garbage-first heap   total reserved 1886208K, committed 143360K, used 114863K [0x000000008ce00000, 0x0000000100000000)
  region size 1024K, 52 young (53248K), 9 survivors (9216K)
 Metaspace       used 75224K, committed 75968K, reserved 1114112K
  class space    used 11088K, committed 11392K, reserved 1048576K
}
Event: 13.411 GC heap after
{Heap after GC invocations=38 (full 0):
 garbage-first heap   total reserved 1886208K, committed 143360K, used 79100K [0x000000008ce00000, 0x0000000100000000)
  region size 1024K, 7 young (7168K), 7 survivors (7168K)
 Metaspace       used 75224K, committed 75968K, reserved 1114112K
  class space    used 11088K, committed 11392K, reserved 1048576K
}
Event: 13.466 GC heap before
{Heap before GC invocations=38 (full 0):
 garbage-first heap   total reserved 1886208K, committed 143360K, used 120060K [0x000000008ce00000, 0x0000000100000000)
  region size 1024K, 47 young (48128K), 7 survivors (7168K)
 Metaspace       used 75231K, committed 75968K, reserved 1114112K
  class space    used 11088K, committed 11392K, reserved 1048576K
}
Event: 13.471 GC heap after
{Heap after GC invocations=39 (full 0):
 garbage-first heap   total reserved 1886208K, committed 143360K, used 83641K [0x000000008ce00000, 0x0000000100000000)
  region size 1024K, 4 young (4096K), 4 survivors (4096K)
 Metaspace       used 75231K, committed 75968K, reserved 1114112K
  class space    used 11088K, committed 11392K, reserved 1048576K
}
Event: 13.546 GC heap before
{Heap before GC invocations=40 (full 0):
 garbage-first heap   total reserved 1886208K, committed 143360K, used 123577K [0x000000008ce00000, 0x0000000100000000)
  region size 1024K, 44 young (45056K), 4 survivors (4096K)
 Metaspace       used 75231K, committed 75968K, reserved 1114112K
  class space    used 11088K, committed 11392K, reserved 1048576K
}
Event: 13.549 GC heap after
{Heap after GC invocations=41 (full 0):
 garbage-first heap   total reserved 1886208K, committed 143360K, used 86037K [0x000000008ce00000, 0x0000000100000000)
  region size 1024K, 6 young (6144K), 6 survivors (6144K)
 Metaspace       used 75231K, committed 75968K, reserved 1114112K
  class space    used 11088K, committed 11392K, reserved 1048576K
}
Event: 13.601 GC heap before
{Heap before GC invocations=41 (full 0):
 garbage-first heap   total reserved 1886208K, committed 143360K, used 124949K [0x000000008ce00000, 0x0000000100000000)
  region size 1024K, 43 young (44032K), 6 survivors (6144K)
 Metaspace       used 75231K, committed 75968K, reserved 1114112K
  class space    used 11088K, committed 11392K, reserved 1048576K
}
Event: 13.612 GC heap after
{Heap after GC invocations=42 (full 0):
 garbage-first heap   total reserved 1886208K, committed 280576K, used 99854K [0x000000008ce00000, 0x0000000100000000)
  region size 1024K, 6 young (6144K), 6 survivors (6144K)
 Metaspace       used 75231K, committed 75968K, reserved 1114112K
  class space    used 11088K, committed 11392K, reserved 1048576K
}
Event: 13.831 GC heap before
{Heap before GC invocations=42 (full 0):
 garbage-first heap   total reserved 1886208K, committed 280576K, used 220686K [0x000000008ce00000, 0x0000000100000000)
  region size 1024K, 122 young (124928K), 6 survivors (6144K)
 Metaspace       used 75233K, committed 75968K, reserved 1114112K
  class space    used 11089K, committed 11392K, reserved 1048576K
}
Event: 13.854 GC heap after
{Heap after GC invocations=43 (full 0):
 garbage-first heap   total reserved 1886208K, committed 280576K, used 141150K [0x000000008ce00000, 0x0000000100000000)
  region size 1024K, 16 young (16384K), 16 survivors (16384K)
 Metaspace       used 75233K, committed 75968K, reserved 1114112K
  class space    used 11089K, committed 11392K, reserved 1048576K
}
Event: 14.063 GC heap before
{Heap before GC invocations=43 (full 0):
 garbage-first heap   total reserved 1886208K, committed 280576K, used 221022K [0x000000008ce00000, 0x0000000100000000)
  region size 1024K, 94 young (96256K), 16 survivors (16384K)
 Metaspace       used 75700K, committed 76416K, reserved 1179648K
  class space    used 11162K, committed 11456K, reserved 1048576K
}
Event: 14.073 GC heap after
{Heap after GC invocations=44 (full 0):
 garbage-first heap   total reserved 1886208K, committed 280576K, used 147639K [0x000000008ce00000, 0x0000000100000000)
  region size 1024K, 5 young (5120K), 5 survivors (5120K)
 Metaspace       used 75700K, committed 76416K, reserved 1179648K
  class space    used 11162K, committed 11456K, reserved 1048576K
}
Event: 14.214 GC heap before
{Heap before GC invocations=44 (full 0):
 garbage-first heap   total reserved 1886208K, committed 280576K, used 230583K [0x000000008ce00000, 0x0000000100000000)
  region size 1024K, 86 young (88064K), 5 survivors (5120K)
 Metaspace       used 75950K, committed 76672K, reserved 1179648K
  class space    used 11284K, committed 11584K, reserved 1048576K
}
Event: 14.217 GC heap after
{Heap after GC invocations=45 (full 0):
 garbage-first heap   total reserved 1886208K, committed 280576K, used 148195K [0x000000008ce00000, 0x0000000100000000)
  region size 1024K, 5 young (5120K), 5 survivors (5120K)
 Metaspace       used 75950K, committed 76672K, reserved 1179648K
  class space    used 11284K, committed 11584K, reserved 1048576K
}
Event: 14.407 GC heap before
{Heap before GC invocations=46 (full 0):
 garbage-first heap   total reserved 1886208K, committed 280576K, used 219875K [0x000000008ce00000, 0x0000000100000000)
  region size 1024K, 91 young (93184K), 5 survivors (5120K)
 Metaspace       used 76049K, committed 76736K, reserved 1179648K
  class space    used 11299K, committed 11584K, reserved 1048576K
}
Event: 14.413 GC heap after
{Heap after GC invocations=47 (full 0):
 garbage-first heap   total reserved 1886208K, committed 280576K, used 137978K [0x000000008ce00000, 0x0000000100000000)
  region size 1024K, 11 young (11264K), 11 survivors (11264K)
 Metaspace       used 76049K, committed 76736K, reserved 1179648K
  class space    used 11299K, committed 11584K, reserved 1048576K
}
Event: 14.543 GC heap before
{Heap before GC invocations=47 (full 0):
 garbage-first heap   total reserved 1886208K, committed 280576K, used 236282K [0x000000008ce00000, 0x0000000100000000)
  region size 1024K, 107 young (109568K), 11 survivors (11264K)
 Metaspace       used 76078K, committed 76800K, reserved 1179648K
  class space    used 11307K, committed 11584K, reserved 1048576K
}

