# JRE version: OpenJDK Runtime Environment Temurin-21.0.8+9 (21.0.8+9) (build 21.0.8+9-LTS)
# Java VM: OpenJDK 64-Bit Server VM Temurin-21.0.8+9 (21.0.8+9-LTS, mixed mode, sharing, tiered, compressed oops, compressed class ptrs, parallel gc, windows-amd64)
GC Precious Log:
 CardTable entry size: 512
 CPUs: 16 total, 16 available
 Memory: 7365M
 Large Page Support: Disabled
 NUMA Support: Disabled
 Compressed Oops: Enabled (32-bit)
 Alignments: Space 512K, Generation 512K, Heap 2M
 Heap Min Capacity: 100M
 Heap Initial Capacity: 100M
 Heap Max Capacity: 2G
 Pre-touch: Disabled
 Parallel Workers: 13
Heap:
 PSYoungGen      total 7168K, used 3754K [0x00000000d5580000, 0x00000000d5e00000, 0x0000000100000000)
  eden space 6656K, 52% used [0x00000000d5580000,0x00000000d58eab30,0x00000000d5c00000)
  from space 512K, 50% used [0x00000000d5c00000,0x00000000d5c40000,0x00000000d5c80000)
  to   space 1024K, 0% used [0x00000000d5d00000,0x00000000d5d00000,0x00000000d5e00000)
 ParOldGen       total 899072K, used 898795K [0x0000000080000000, 0x00000000b6e00000, 0x00000000d5580000)
  object space 899072K, 99% used [0x0000000080000000,0x00000000b6dbae80,0x00000000b6e00000)
 Metaspace       used 92161K, committed 94080K, reserved 1179648K
  class space    used 9083K, committed 9984K, reserved 1048576K
GC Heap History (20 events):
Event: 1740.817 GC heap before
{Heap before GC invocations=5298 (full 8):
 PSYoungGen      total 9216K, used 8705K [0x00000000d5580000, 0x00000000d6000000, 0x0000000100000000)
  eden space 7680K, 100% used [0x00000000d5580000,0x00000000d5d00000,0x00000000d5d00000)
  from space 1536K, 66% used [0x00000000d5d00000,0x00000000d5e006b0,0x00000000d5e80000)
  to   space 1536K, 0% used [0x00000000d5e80000,0x00000000d5e80000,0x00000000d6000000)
 ParOldGen       total 890880K, used 890862K [0x0000000080000000, 0x00000000b6600000, 0x00000000d5580000)
  object space 890880K, 99% used [0x0000000080000000,0x00000000b65fbab0,0x00000000b6600000)
 Metaspace       used 92140K, committed 94016K, reserved 1179648K
  class space    used 9083K, committed 9984K, reserved 1048576K
}
Event: 1740.818 GC heap after
{Heap after GC invocations=5298 (full 8):
 PSYoungGen      total 8704K, used 962K [0x00000000d5580000, 0x00000000d5f80000, 0x0000000100000000)
  eden space 7680K, 0% used [0x00000000d5580000,0x00000000d5580000,0x00000000d5d00000)
  from space 1024K, 94% used [0x00000000d5e80000,0x00000000d5f70bb8,0x00000000d5f80000)
  to   space 1024K, 0% used [0x00000000d5d80000,0x00000000d5d80000,0x00000000d5e80000)
 ParOldGen       total 891904K, used 891647K [0x0000000080000000, 0x00000000b6700000, 0x00000000d5580000)
  object space 891904K, 99% used [0x0000000080000000,0x00000000b66bfde8,0x00000000b6700000)
 Metaspace       used 92140K, committed 94016K, reserved 1179648K
  class space    used 9083K, committed 9984K, reserved 1048576K
}
Event: 1740.826 GC heap before
{Heap before GC invocations=5299 (full 8):
 PSYoungGen      total 8704K, used 8642K [0x00000000d5580000, 0x00000000d5f80000, 0x0000000100000000)
  eden space 7680K, 100% used [0x00000000d5580000,0x00000000d5d00000,0x00000000d5d00000)
  from space 1024K, 94% used [0x00000000d5e80000,0x00000000d5f70bb8,0x00000000d5f80000)
  to   space 1024K, 0% used [0x00000000d5d80000,0x00000000d5d80000,0x00000000d5e80000)
 ParOldGen       total 891904K, used 891647K [0x0000000080000000, 0x00000000b6700000, 0x00000000d5580000)
  object space 891904K, 99% used [0x0000000080000000,0x00000000b66bfde8,0x00000000b6700000)
 Metaspace       used 92140K, committed 94016K, reserved 1179648K
  class space    used 9083K, committed 9984K, reserved 1048576K
}
Event: 1740.828 GC heap after
{Heap after GC invocations=5299 (full 8):
 PSYoungGen      total 8704K, used 736K [0x00000000d5580000, 0x00000000d5f00000, 0x0000000100000000)
  eden space 7680K, 0% used [0x00000000d5580000,0x00000000d5580000,0x00000000d5d00000)
  from space 1024K, 71% used [0x00000000d5d80000,0x00000000d5e38000,0x00000000d5e80000)
  to   space 512K, 0% used [0x00000000d5e80000,0x00000000d5e80000,0x00000000d5f00000)
 ParOldGen       total 892416K, used 892396K [0x0000000080000000, 0x00000000b6780000, 0x00000000d5580000)
  object space 892416K, 99% used [0x0000000080000000,0x00000000b677b3a0,0x00000000b6780000)
 Metaspace       used 92140K, committed 94016K, reserved 1179648K
  class space    used 9083K, committed 9984K, reserved 1048576K
}
Event: 1740.844 GC heap before
{Heap before GC invocations=5300 (full 8):
 PSYoungGen      total 8704K, used 8416K [0x00000000d5580000, 0x00000000d5f00000, 0x0000000100000000)
  eden space 7680K, 100% used [0x00000000d5580000,0x00000000d5d00000,0x00000000d5d00000)
  from space 1024K, 71% used [0x00000000d5d80000,0x00000000d5e38000,0x00000000d5e80000)
  to   space 512K, 0% used [0x00000000d5e80000,0x00000000d5e80000,0x00000000d5f00000)
 ParOldGen       total 892416K, used 892396K [0x0000000080000000, 0x00000000b6780000, 0x00000000d5580000)
  object space 892416K, 99% used [0x0000000080000000,0x00000000b677b3a0,0x00000000b6780000)
 Metaspace       used 92140K, committed 94016K, reserved 1179648K
  class space    used 9083K, committed 9984K, reserved 1048576K
}
Event: 1740.847 GC heap after
{Heap after GC invocations=5300 (full 8):
 PSYoungGen      total 7168K, used 512K [0x00000000d5580000, 0x00000000d6200000, 0x0000000100000000)
  eden space 6656K, 0% used [0x00000000d5580000,0x00000000d5580000,0x00000000d5c00000)
  from space 512K, 100% used [0x00000000d5e80000,0x00000000d5f00000,0x00000000d5f00000)
  to   space 2560K, 0% used [0x00000000d5c00000,0x00000000d5c00000,0x00000000d5e80000)
 ParOldGen       total 893952K, used 893796K [0x0000000080000000, 0x00000000b6900000, 0x00000000d5580000)
  object space 893952K, 99% used [0x0000000080000000,0x00000000b68d91a0,0x00000000b6900000)
 Metaspace       used 92140K, committed 94016K, reserved 1179648K
  class space    used 9083K, committed 9984K, reserved 1048576K
}
Event: 1781.978 GC heap before
{Heap before GC invocations=5301 (full 8):
 PSYoungGen      total 7168K, used 7151K [0x00000000d5580000, 0x00000000d6200000, 0x0000000100000000)
  eden space 6656K, 99% used [0x00000000d5580000,0x00000000d5bfbf68,0x00000000d5c00000)
  from space 512K, 100% used [0x00000000d5e80000,0x00000000d5f00000,0x00000000d5f00000)
  to   space 2560K, 0% used [0x00000000d5c00000,0x00000000d5c00000,0x00000000d5e80000)
 ParOldGen       total 893952K, used 893796K [0x0000000080000000, 0x00000000b6900000, 0x00000000d5580000)
  object space 893952K, 99% used [0x0000000080000000,0x00000000b68d91a0,0x00000000b6900000)
 Metaspace       used 92140K, committed 94016K, reserved 1179648K
  class space    used 9083K, committed 9984K, reserved 1048576K
}
Event: 1782.043 GC heap after
{Heap after GC invocations=5301 (full 8):
 PSYoungGen      total 7680K, used 880K [0x00000000d5580000, 0x00000000d5f00000, 0x0000000100000000)
  eden space 6656K, 0% used [0x00000000d5580000,0x00000000d5580000,0x00000000d5c00000)
  from space 1024K, 85% used [0x00000000d5c00000,0x00000000d5cdc240,0x00000000d5d00000)
  to   space 1536K, 0% used [0x00000000d5d80000,0x00000000d5d80000,0x00000000d5f00000)
 ParOldGen       total 894464K, used 894300K [0x0000000080000000, 0x00000000b6980000, 0x00000000d5580000)
  object space 894464K, 99% used [0x0000000080000000,0x00000000b69571a0,0x00000000b6980000)
 Metaspace       used 92140K, committed 94016K, reserved 1179648K
  class space    used 9083K, committed 9984K, reserved 1048576K
}
Event: 1782.163 GC heap before
{Heap before GC invocations=5302 (full 8):
 PSYoungGen      total 7680K, used 7536K [0x00000000d5580000, 0x00000000d5f00000, 0x0000000100000000)
  eden space 6656K, 99% used [0x00000000d5580000,0x00000000d5bffff0,0x00000000d5c00000)
  from space 1024K, 85% used [0x00000000d5c00000,0x00000000d5cdc240,0x00000000d5d00000)
  to   space 1536K, 0% used [0x00000000d5d80000,0x00000000d5d80000,0x00000000d5f00000)
 ParOldGen       total 894464K, used 894300K [0x0000000080000000, 0x00000000b6980000, 0x00000000d5580000)
  object space 894464K, 99% used [0x0000000080000000,0x00000000b69571a0,0x00000000b6980000)
 Metaspace       used 92140K, committed 94016K, reserved 1179648K
  class space    used 9083K, committed 9984K, reserved 1048576K
}
Event: 1782.171 GC heap after
{Heap after GC invocations=5302 (full 8):
 PSYoungGen      total 7680K, used 893K [0x00000000d5580000, 0x00000000d5e80000, 0x0000000100000000)
  eden space 6656K, 0% used [0x00000000d5580000,0x00000000d5580000,0x00000000d5c00000)
  from space 1024K, 87% used [0x00000000d5d80000,0x00000000d5e5f660,0x00000000d5e80000)
  to   space 1024K, 0% used [0x00000000d5c00000,0x00000000d5c00000,0x00000000d5d00000)
 ParOldGen       total 895488K, used 895131K [0x0000000080000000, 0x00000000b6a80000, 0x00000000d5580000)
  object space 895488K, 99% used [0x0000000080000000,0x00000000b6a26ea0,0x00000000b6a80000)
 Metaspace       used 92140K, committed 94016K, reserved 1179648K
  class space    used 9083K, committed 9984K, reserved 1048576K
}
Event: 1782.281 GC heap before
{Heap before GC invocations=5303 (full 8):
 PSYoungGen      total 7680K, used 7549K [0x00000000d5580000, 0x00000000d5e80000, 0x0000000100000000)
  eden space 6656K, 100% used [0x00000000d5580000,0x00000000d5c00000,0x00000000d5c00000)
  from space 1024K, 87% used [0x00000000d5d80000,0x00000000d5e5f660,0x00000000d5e80000)
  to   space 1024K, 0% used [0x00000000d5c00000,0x00000000d5c00000,0x00000000d5d00000)
 ParOldGen       total 895488K, used 895131K [0x0000000080000000, 0x00000000b6a80000, 0x00000000d5580000)
  object space 895488K, 99% used [0x0000000080000000,0x00000000b6a26ea0,0x00000000b6a80000)
 Metaspace       used 92140K, committed 94016K, reserved 1179648K
  class space    used 9083K, committed 9984K, reserved 1048576K
}
Event: 1782.288 GC heap after
{Heap after GC invocations=5303 (full 8):
 PSYoungGen      total 7680K, used 1001K [0x00000000d5580000, 0x00000000d6000000, 0x0000000100000000)
  eden space 6656K, 0% used [0x00000000d5580000,0x00000000d5580000,0x00000000d5c00000)
  from space 1024K, 97% used [0x00000000d5c00000,0x00000000d5cfa490,0x00000000d5d00000)
  to   space 2048K, 0% used [0x00000000d5e00000,0x00000000d5e00000,0x00000000d6000000)
 ParOldGen       total 896000K, used 895939K [0x0000000080000000, 0x00000000b6b00000, 0x00000000d5580000)
  object space 896000K, 99% used [0x0000000080000000,0x00000000b6af0c68,0x00000000b6b00000)
 Metaspace       used 92140K, committed 94016K, reserved 1179648K
  class space    used 9083K, committed 9984K, reserved 1048576K
}
Event: 1782.309 GC heap before
{Heap before GC invocations=5304 (full 8):
 PSYoungGen      total 7680K, used 7657K [0x00000000d5580000, 0x00000000d6000000, 0x0000000100000000)
  eden space 6656K, 100% used [0x00000000d5580000,0x00000000d5c00000,0x00000000d5c00000)
  from space 1024K, 97% used [0x00000000d5c00000,0x00000000d5cfa490,0x00000000d5d00000)
  to   space 2048K, 0% used [0x00000000d5e00000,0x00000000d5e00000,0x00000000d6000000)
 ParOldGen       total 896000K, used 895939K [0x0000000080000000, 0x00000000b6b00000, 0x00000000d5580000)
  object space 896000K, 99% used [0x0000000080000000,0x00000000b6af0c68,0x00000000b6b00000)
 Metaspace       used 92140K, committed 94016K, reserved 1179648K
  class space    used 9083K, committed 9984K, reserved 1048576K
}
Event: 1782.314 GC heap after
{Heap after GC invocations=5304 (full 8):
 PSYoungGen      total 7680K, used 736K [0x00000000d5580000, 0x00000000d5f00000, 0x0000000100000000)
  eden space 6656K, 0% used [0x00000000d5580000,0x00000000d5580000,0x00000000d5c00000)
  from space 1024K, 71% used [0x00000000d5e00000,0x00000000d5eb8020,0x00000000d5f00000)
  to   space 1536K, 0% used [0x00000000d5c00000,0x00000000d5c00000,0x00000000d5d80000)
 ParOldGen       total 897024K, used 896905K [0x0000000080000000, 0x00000000b6c00000, 0x00000000d5580000)
  object space 897024K, 99% used [0x0000000080000000,0x00000000b6be26e0,0x00000000b6c00000)
 Metaspace       used 92140K, committed 94016K, reserved 1179648K
  class space    used 9083K, committed 9984K, reserved 1048576K
}
Event: 1784.147 GC heap before
{Heap before GC invocations=5305 (full 8):
 PSYoungGen      total 7680K, used 7392K [0x00000000d5580000, 0x00000000d5f00000, 0x0000000100000000)
  eden space 6656K, 100% used [0x00000000d5580000,0x00000000d5c00000,0x00000000d5c00000)
  from space 1024K, 71% used [0x00000000d5e00000,0x00000000d5eb8020,0x00000000d5f00000)
  to   space 1536K, 0% used [0x00000000d5c00000,0x00000000d5c00000,0x00000000d5d80000)
 ParOldGen       total 897024K, used 896905K [0x0000000080000000, 0x00000000b6c00000, 0x00000000d5580000)
  object space 897024K, 99% used [0x0000000080000000,0x00000000b6be26e0,0x00000000b6c00000)
 Metaspace       used 92144K, committed 94080K, reserved 1179648K
  class space    used 9083K, committed 9984K, reserved 1048576K
}
Event: 1784.152 GC heap after
{Heap after GC invocations=5305 (full 8):
 PSYoungGen      total 8192K, used 1029K [0x00000000d5580000, 0x00000000d5f00000, 0x0000000100000000)
  eden space 6656K, 0% used [0x00000000d5580000,0x00000000d5580000,0x00000000d5c00000)
  from space 1536K, 67% used [0x00000000d5c00000,0x00000000d5d01670,0x00000000d5d80000)
  to   space 1536K, 0% used [0x00000000d5d80000,0x00000000d5d80000,0x00000000d5f00000)
 ParOldGen       total 897536K, used 897469K [0x0000000080000000, 0x00000000b6c80000, 0x00000000d5580000)
  object space 897536K, 99% used [0x0000000080000000,0x00000000b6c6f730,0x00000000b6c80000)
 Metaspace       used 92144K, committed 94080K, reserved 1179648K
  class space    used 9083K, committed 9984K, reserved 1048576K
}
Event: 1784.351 GC heap before
{Heap before GC invocations=5306 (full 8):
 PSYoungGen      total 8192K, used 7685K [0x00000000d5580000, 0x00000000d5f00000, 0x0000000100000000)
  eden space 6656K, 100% used [0x00000000d5580000,0x00000000d5c00000,0x00000000d5c00000)
  from space 1536K, 67% used [0x00000000d5c00000,0x00000000d5d01670,0x00000000d5d80000)
  to   space 1536K, 0% used [0x00000000d5d80000,0x00000000d5d80000,0x00000000d5f00000)
 ParOldGen       total 897536K, used 897469K [0x0000000080000000, 0x00000000b6c80000, 0x00000000d5580000)
  object space 897536K, 99% used [0x0000000080000000,0x00000000b6c6f730,0x00000000b6c80000)
 Metaspace       used 92144K, committed 94080K, reserved 1179648K
  class space    used 9083K, committed 9984K, reserved 1048576K
}
Event: 1784.357 GC heap after
{Heap after GC invocations=5306 (full 8):
 PSYoungGen      total 8192K, used 1077K [0x00000000d5580000, 0x00000000d5f00000, 0x0000000100000000)
  eden space 6656K, 0% used [0x00000000d5580000,0x00000000d5580000,0x00000000d5c00000)
  from space 1536K, 70% used [0x00000000d5d80000,0x00000000d5e8d430,0x00000000d5f00000)
  to   space 1536K, 0% used [0x00000000d5c00000,0x00000000d5c00000,0x00000000d5d80000)
 ParOldGen       total 898560K, used 898186K [0x0000000080000000, 0x00000000b6d80000, 0x00000000d5580000)
  object space 898560K, 99% used [0x0000000080000000,0x00000000b6d22860,0x00000000b6d80000)
 Metaspace       used 92144K, committed 94080K, reserved 1179648K
  class space    used 9083K, committed 9984K, reserved 1048576K
}
Event: 1803.577 GC heap before
{Heap before GC invocations=5307 (full 8):
 PSYoungGen      total 8192K, used 7733K [0x00000000d5580000, 0x00000000d5f00000, 0x0000000100000000)
  eden space 6656K, 100% used [0x00000000d5580000,0x00000000d5c00000,0x00000000d5c00000)
  from space 1536K, 70% used [0x00000000d5d80000,0x00000000d5e8d430,0x00000000d5f00000)
  to   space 1536K, 0% used [0x00000000d5c00000,0x00000000d5c00000,0x00000000d5d80000)
 ParOldGen       total 898560K, used 898186K [0x0000000080000000, 0x00000000b6d80000, 0x00000000d5580000)
  object space 898560K, 99% used [0x0000000080000000,0x00000000b6d22860,0x00000000b6d80000)
 Metaspace       used 92144K, committed 94080K, reserved 1179648K
  class space    used 9083K, committed 9984K, reserved 1048576K
}
Event: 1803.736 GC heap after
{Heap after GC invocations=5307 (full 8):
 PSYoungGen      total 7168K, used 256K [0x00000000d5580000, 0x00000000d5e00000, 0x0000000100000000)
  eden space 6656K, 0% used [0x00000000d5580000,0x00000000d5580000,0x00000000d5c00000)
  from space 512K, 50% used [0x00000000d5c00000,0x00000000d5c40000,0x00000000d5c80000)
  to   space 1024K, 0% used [0x00000000d5d00000,0x00000000d5d00000,0x00000000d5e00000)
 ParOldGen       total 899072K, used 898795K [0x0000000080000000, 0x00000000b6e00000, 0x00000000d5580000)
  object space 899072K, 99% used [0x0000000080000000,0x00000000b6dbae80,0x00000000b6e00000)
 Metaspace       used 92144K, committed 94080K, reserved 1179648K
  class space    used 9083K, committed 9984K, reserved 1048576K
}

