# JRE version: OpenJDK Runtime Environment Temurin-21.0.8+9 (21.0.8+9) (build 21.0.8+9-LTS)
# Java VM: OpenJDK 64-Bit Server VM Temurin-21.0.8+9 (21.0.8+9-LTS, mixed mode, sharing, tiered, compressed oops, compressed class ptrs, parallel gc, windows-amd64)
GC Precious Log:
 CardTable entry size: 512
 CPUs: 16 total, 16 available
 Memory: 7365M
 Large Page Support: Disabled
 NUMA Support: Disabled
 Compressed Oops: Enabled (32-bit)
 Alignments: Space 512K, Generation 512K, Heap 2M
 Heap Min Capacity: 100M
 Heap Initial Capacity: 100M
 Heap Max Capacity: 2G
 Pre-touch: Disabled
 Parallel Workers: 13
Heap:
 PSYoungGen      total 13824K, used 8949K [0x00000000d5580000, 0x00000000d6700000, 0x0000000100000000)
  eden space 11776K, 60% used [0x00000000d5580000,0x00000000d5c77cc8,0x00000000d6100000)
  from space 2048K, 88% used [0x00000000d6280000,0x00000000d6445808,0x00000000d6480000)
  to   space 2048K, 0% used [0x00000000d6500000,0x00000000d6500000,0x00000000d6700000)
 ParOldGen       total 498176K, used 497837K [0x0000000080000000, 0x000000009e680000, 0x00000000d5580000)
  object space 498176K, 99% used [0x0000000080000000,0x000000009e62b458,0x000000009e680000)
 Metaspace       used 67192K, committed 68736K, reserved 1114112K
  class space    used 7057K, committed 7744K, reserved 1048576K
GC Heap History (20 events):
Event: 37.878 GC heap before
{Heap before GC invocations=668 (full 3):
 PSYoungGen      total 12288K, used 11664K [0x00000000d5580000, 0x00000000d6280000, 0x0000000100000000)
  eden space 10752K, 100% used [0x00000000d5580000,0x00000000d6000000,0x00000000d6000000)
  from space 1536K, 59% used [0x00000000d6100000,0x00000000d61e4030,0x00000000d6280000)
  to   space 1024K, 0% used [0x00000000d6000000,0x00000000d6000000,0x00000000d6100000)
 ParOldGen       total 478720K, used 478210K [0x0000000080000000, 0x000000009d380000, 0x00000000d5580000)
  object space 478720K, 99% used [0x0000000080000000,0x000000009d300bc8,0x000000009d380000)
 Metaspace       used 66262K, committed 67776K, reserved 1114112K
  class space    used 6936K, committed 7616K, reserved 1048576K
}
Event: 37.880 GC heap after
{Heap after GC invocations=668 (full 3):
 PSYoungGen      total 11776K, used 992K [0x00000000d5580000, 0x00000000d6680000, 0x0000000100000000)
  eden space 10752K, 0% used [0x00000000d5580000,0x00000000d5580000,0x00000000d6000000)
  from space 1024K, 96% used [0x00000000d6000000,0x00000000d60f8030,0x00000000d6100000)
  to   space 2048K, 0% used [0x00000000d6480000,0x00000000d6480000,0x00000000d6680000)
 ParOldGen       total 479232K, used 478998K [0x0000000080000000, 0x000000009d400000, 0x00000000d5580000)
  object space 479232K, 99% used [0x0000000080000000,0x000000009d3c58d8,0x000000009d400000)
 Metaspace       used 66262K, committed 67776K, reserved 1114112K
  class space    used 6936K, committed 7616K, reserved 1048576K
}
Event: 37.899 GC heap before
{Heap before GC invocations=669 (full 3):
 PSYoungGen      total 11776K, used 11744K [0x00000000d5580000, 0x00000000d6680000, 0x0000000100000000)
  eden space 10752K, 100% used [0x00000000d5580000,0x00000000d6000000,0x00000000d6000000)
  from space 1024K, 96% used [0x00000000d6000000,0x00000000d60f8030,0x00000000d6100000)
  to   space 2048K, 0% used [0x00000000d6480000,0x00000000d6480000,0x00000000d6680000)
 ParOldGen       total 479232K, used 478998K [0x0000000080000000, 0x000000009d400000, 0x00000000d5580000)
  object space 479232K, 99% used [0x0000000080000000,0x000000009d3c58d8,0x000000009d400000)
 Metaspace       used 66262K, committed 67776K, reserved 1114112K
  class space    used 6936K, committed 7616K, reserved 1048576K
}
Event: 37.902 GC heap after
{Heap after GC invocations=669 (full 3):
 PSYoungGen      total 14848K, used 1216K [0x00000000d5580000, 0x00000000d6600000, 0x0000000100000000)
  eden space 13312K, 0% used [0x00000000d5580000,0x00000000d5580000,0x00000000d6280000)
  from space 1536K, 79% used [0x00000000d6480000,0x00000000d65b0040,0x00000000d6600000)
  to   space 1536K, 0% used [0x00000000d6300000,0x00000000d6300000,0x00000000d6480000)
 ParOldGen       total 480256K, used 479870K [0x0000000080000000, 0x000000009d500000, 0x00000000d5580000)
  object space 480256K, 99% used [0x0000000080000000,0x000000009d49f938,0x000000009d500000)
 Metaspace       used 66262K, committed 67776K, reserved 1114112K
  class space    used 6936K, committed 7616K, reserved 1048576K
}
Event: 37.942 GC heap before
{Heap before GC invocations=670 (full 3):
 PSYoungGen      total 14848K, used 14528K [0x00000000d5580000, 0x00000000d6600000, 0x0000000100000000)
  eden space 13312K, 100% used [0x00000000d5580000,0x00000000d6280000,0x00000000d6280000)
  from space 1536K, 79% used [0x00000000d6480000,0x00000000d65b0040,0x00000000d6600000)
  to   space 1536K, 0% used [0x00000000d6300000,0x00000000d6300000,0x00000000d6480000)
 ParOldGen       total 480256K, used 479870K [0x0000000080000000, 0x000000009d500000, 0x00000000d5580000)
  object space 480256K, 99% used [0x0000000080000000,0x000000009d49f938,0x000000009d500000)
 Metaspace       used 66263K, committed 67776K, reserved 1114112K
  class space    used 6936K, committed 7616K, reserved 1048576K
}
Event: 37.944 GC heap after
{Heap after GC invocations=670 (full 3):
 PSYoungGen      total 14848K, used 1232K [0x00000000d5580000, 0x00000000d6580000, 0x0000000100000000)
  eden space 13312K, 0% used [0x00000000d5580000,0x00000000d5580000,0x00000000d6280000)
  from space 1536K, 80% used [0x00000000d6300000,0x00000000d6434050,0x00000000d6480000)
  to   space 1024K, 0% used [0x00000000d6480000,0x00000000d6480000,0x00000000d6580000)
 ParOldGen       total 481280K, used 480878K [0x0000000080000000, 0x000000009d600000, 0x00000000d5580000)
  object space 481280K, 99% used [0x0000000080000000,0x000000009d59b998,0x000000009d600000)
 Metaspace       used 66263K, committed 67776K, reserved 1114112K
  class space    used 6936K, committed 7616K, reserved 1048576K
}
Event: 37.965 GC heap before
{Heap before GC invocations=671 (full 3):
 PSYoungGen      total 14848K, used 14544K [0x00000000d5580000, 0x00000000d6580000, 0x0000000100000000)
  eden space 13312K, 100% used [0x00000000d5580000,0x00000000d6280000,0x00000000d6280000)
  from space 1536K, 80% used [0x00000000d6300000,0x00000000d6434050,0x00000000d6480000)
  to   space 1024K, 0% used [0x00000000d6480000,0x00000000d6480000,0x00000000d6580000)
 ParOldGen       total 481280K, used 480878K [0x0000000080000000, 0x000000009d600000, 0x00000000d5580000)
  object space 481280K, 99% used [0x0000000080000000,0x000000009d59b998,0x000000009d600000)
 Metaspace       used 66265K, committed 67776K, reserved 1114112K
  class space    used 6936K, committed 7616K, reserved 1048576K
}
Event: 38.021 GC heap after
{Heap after GC invocations=671 (full 3):
 PSYoungGen      total 13824K, used 1008K [0x00000000d5580000, 0x00000000d6a80000, 0x0000000100000000)
  eden space 12800K, 0% used [0x00000000d5580000,0x00000000d5580000,0x00000000d6200000)
  from space 1024K, 98% used [0x00000000d6480000,0x00000000d657c030,0x00000000d6580000)
  to   space 2560K, 0% used [0x00000000d6200000,0x00000000d6200000,0x00000000d6480000)
 ParOldGen       total 482304K, used 481999K [0x0000000080000000, 0x000000009d700000, 0x00000000d5580000)
  object space 482304K, 99% used [0x0000000080000000,0x000000009d6b3f88,0x000000009d700000)
 Metaspace       used 66265K, committed 67776K, reserved 1114112K
  class space    used 6936K, committed 7616K, reserved 1048576K
}
Event: 38.057 GC heap before
{Heap before GC invocations=672 (full 3):
 PSYoungGen      total 13824K, used 13808K [0x00000000d5580000, 0x00000000d6a80000, 0x0000000100000000)
  eden space 12800K, 100% used [0x00000000d5580000,0x00000000d6200000,0x00000000d6200000)
  from space 1024K, 98% used [0x00000000d6480000,0x00000000d657c030,0x00000000d6580000)
  to   space 2560K, 0% used [0x00000000d6200000,0x00000000d6200000,0x00000000d6480000)
 ParOldGen       total 482304K, used 481999K [0x0000000080000000, 0x000000009d700000, 0x00000000d5580000)
  object space 482304K, 99% used [0x0000000080000000,0x000000009d6b3f88,0x000000009d700000)
 Metaspace       used 66265K, committed 67776K, reserved 1114112K
  class space    used 6936K, committed 7616K, reserved 1048576K
}
Event: 38.059 GC heap after
{Heap after GC invocations=672 (full 3):
 PSYoungGen      total 15360K, used 976K [0x00000000d5580000, 0x00000000d6780000, 0x0000000100000000)
  eden space 12800K, 0% used [0x00000000d5580000,0x00000000d5580000,0x00000000d6200000)
  from space 2560K, 38% used [0x00000000d6200000,0x00000000d62f4010,0x00000000d6480000)
  to   space 1536K, 0% used [0x00000000d6600000,0x00000000d6600000,0x00000000d6780000)
 ParOldGen       total 483328K, used 482851K [0x0000000080000000, 0x000000009d800000, 0x00000000d5580000)
  object space 483328K, 99% used [0x0000000080000000,0x000000009d788f80,0x000000009d800000)
 Metaspace       used 66265K, committed 67776K, reserved 1114112K
  class space    used 6936K, committed 7616K, reserved 1048576K
}
Event: 38.076 GC heap before
{Heap before GC invocations=673 (full 3):
 PSYoungGen      total 15360K, used 13776K [0x00000000d5580000, 0x00000000d6780000, 0x0000000100000000)
  eden space 12800K, 100% used [0x00000000d5580000,0x00000000d6200000,0x00000000d6200000)
  from space 2560K, 38% used [0x00000000d6200000,0x00000000d62f4010,0x00000000d6480000)
  to   space 1536K, 0% used [0x00000000d6600000,0x00000000d6600000,0x00000000d6780000)
 ParOldGen       total 483328K, used 482851K [0x0000000080000000, 0x000000009d800000, 0x00000000d5580000)
  object space 483328K, 99% used [0x0000000080000000,0x000000009d788f80,0x000000009d800000)
 Metaspace       used 66265K, committed 67776K, reserved 1114112K
  class space    used 6936K, committed 7616K, reserved 1048576K
}
Event: 38.078 GC heap after
{Heap after GC invocations=673 (full 3):
 PSYoungGen      total 16896K, used 944K [0x00000000d5580000, 0x00000000d6780000, 0x0000000100000000)
  eden space 15360K, 0% used [0x00000000d5580000,0x00000000d5580000,0x00000000d6480000)
  from space 1536K, 61% used [0x00000000d6600000,0x00000000d66ec010,0x00000000d6780000)
  to   space 1536K, 0% used [0x00000000d6480000,0x00000000d6480000,0x00000000d6600000)
 ParOldGen       total 483840K, used 483592K [0x0000000080000000, 0x000000009d880000, 0x00000000d5580000)
  object space 483840K, 99% used [0x0000000080000000,0x000000009d842010,0x000000009d880000)
 Metaspace       used 66265K, committed 67776K, reserved 1114112K
  class space    used 6936K, committed 7616K, reserved 1048576K
}
Event: 38.184 GC heap before
{Heap before GC invocations=674 (full 3):
 PSYoungGen      total 16896K, used 16304K [0x00000000d5580000, 0x00000000d6780000, 0x0000000100000000)
  eden space 15360K, 100% used [0x00000000d5580000,0x00000000d6480000,0x00000000d6480000)
  from space 1536K, 61% used [0x00000000d6600000,0x00000000d66ec010,0x00000000d6780000)
  to   space 1536K, 0% used [0x00000000d6480000,0x00000000d6480000,0x00000000d6600000)
 ParOldGen       total 483840K, used 483592K [0x0000000080000000, 0x000000009d880000, 0x00000000d5580000)
  object space 483840K, 99% used [0x0000000080000000,0x000000009d842010,0x000000009d880000)
 Metaspace       used 66268K, committed 67776K, reserved 1114112K
  class space    used 6936K, committed 7616K, reserved 1048576K
}
Event: 38.187 GC heap after
{Heap after GC invocations=674 (full 3):
 PSYoungGen      total 16896K, used 1524K [0x00000000d5580000, 0x00000000d6c80000, 0x0000000100000000)
  eden space 15360K, 0% used [0x00000000d5580000,0x00000000d5580000,0x00000000d6480000)
  from space 1536K, 99% used [0x00000000d6480000,0x00000000d65fd170,0x00000000d6600000)
  to   space 4096K, 0% used [0x00000000d6880000,0x00000000d6880000,0x00000000d6c80000)
 ParOldGen       total 485888K, used 485533K [0x0000000080000000, 0x000000009da80000, 0x00000000d5580000)
  object space 485888K, 99% used [0x0000000080000000,0x000000009da276b8,0x000000009da80000)
 Metaspace       used 66268K, committed 67776K, reserved 1114112K
  class space    used 6936K, committed 7616K, reserved 1048576K
}
Event: 38.323 GC heap before
{Heap before GC invocations=675 (full 3):
 PSYoungGen      total 16896K, used 16884K [0x00000000d5580000, 0x00000000d6c80000, 0x0000000100000000)
  eden space 15360K, 100% used [0x00000000d5580000,0x00000000d6480000,0x00000000d6480000)
  from space 1536K, 99% used [0x00000000d6480000,0x00000000d65fd170,0x00000000d6600000)
  to   space 4096K, 0% used [0x00000000d6880000,0x00000000d6880000,0x00000000d6c80000)
 ParOldGen       total 485888K, used 485533K [0x0000000080000000, 0x000000009da80000, 0x00000000d5580000)
  object space 485888K, 99% used [0x0000000080000000,0x000000009da276b8,0x000000009da80000)
 Metaspace       used 66317K, committed 67840K, reserved 1114112K
  class space    used 6937K, committed 7616K, reserved 1048576K
}
Event: 38.326 GC heap after
{Heap after GC invocations=675 (full 3):
 PSYoungGen      total 15872K, used 4087K [0x00000000d5580000, 0x00000000d7380000, 0x0000000100000000)
  eden space 11776K, 0% used [0x00000000d5580000,0x00000000d5580000,0x00000000d6100000)
  from space 4096K, 99% used [0x00000000d6880000,0x00000000d6c7de88,0x00000000d6c80000)
  to   space 7680K, 0% used [0x00000000d6100000,0x00000000d6100000,0x00000000d6880000)
 ParOldGen       total 488448K, used 488179K [0x0000000080000000, 0x000000009dd00000, 0x00000000d5580000)
  object space 488448K, 99% used [0x0000000080000000,0x000000009dcbce50,0x000000009dd00000)
 Metaspace       used 66317K, committed 67840K, reserved 1114112K
  class space    used 6937K, committed 7616K, reserved 1048576K
}
Event: 38.487 GC heap before
{Heap before GC invocations=676 (full 3):
 PSYoungGen      total 15872K, used 15863K [0x00000000d5580000, 0x00000000d7380000, 0x0000000100000000)
  eden space 11776K, 100% used [0x00000000d5580000,0x00000000d6100000,0x00000000d6100000)
  from space 4096K, 99% used [0x00000000d6880000,0x00000000d6c7de88,0x00000000d6c80000)
  to   space 7680K, 0% used [0x00000000d6100000,0x00000000d6100000,0x00000000d6880000)
 ParOldGen       total 488448K, used 488179K [0x0000000080000000, 0x000000009dd00000, 0x00000000d5580000)
  object space 488448K, 99% used [0x0000000080000000,0x000000009dcbce50,0x000000009dd00000)
 Metaspace       used 66349K, committed 67840K, reserved 1114112K
  class space    used 6937K, committed 7616K, reserved 1048576K
}
Event: 38.493 GC heap after
{Heap after GC invocations=676 (full 3):
 PSYoungGen      total 16384K, used 4480K [0x00000000d5580000, 0x00000000d6c00000, 0x0000000100000000)
  eden space 11776K, 0% used [0x00000000d5580000,0x00000000d5580000,0x00000000d6100000)
  from space 4608K, 97% used [0x00000000d6100000,0x00000000d6560000,0x00000000d6580000)
  to   space 5632K, 0% used [0x00000000d6680000,0x00000000d6680000,0x00000000d6c00000)
 ParOldGen       total 492544K, used 492177K [0x0000000080000000, 0x000000009e100000, 0x00000000d5580000)
  object space 492544K, 99% used [0x0000000080000000,0x000000009e0a4418,0x000000009e100000)
 Metaspace       used 66349K, committed 67840K, reserved 1114112K
  class space    used 6937K, committed 7616K, reserved 1048576K
}
Event: 38.973 GC heap before
{Heap before GC invocations=677 (full 3):
 PSYoungGen      total 16384K, used 16256K [0x00000000d5580000, 0x00000000d6c00000, 0x0000000100000000)
  eden space 11776K, 100% used [0x00000000d5580000,0x00000000d6100000,0x00000000d6100000)
  from space 4608K, 97% used [0x00000000d6100000,0x00000000d6560000,0x00000000d6580000)
  to   space 5632K, 0% used [0x00000000d6680000,0x00000000d6680000,0x00000000d6c00000)
 ParOldGen       total 492544K, used 492177K [0x0000000080000000, 0x000000009e100000, 0x00000000d5580000)
  object space 492544K, 99% used [0x0000000080000000,0x000000009e0a4418,0x000000009e100000)
 Metaspace       used 66988K, committed 68480K, reserved 1114112K
  class space    used 7020K, committed 7680K, reserved 1048576K
}
Event: 39.117 GC heap after
{Heap after GC invocations=677 (full 3):
 PSYoungGen      total 13824K, used 1592K [0x00000000d5580000, 0x00000000d6880000, 0x0000000100000000)
  eden space 11776K, 0% used [0x00000000d5580000,0x00000000d5580000,0x00000000d6100000)
  from space 2048K, 77% used [0x00000000d6680000,0x00000000d680e160,0x00000000d6880000)
  to   space 3072K, 0% used [0x00000000d6280000,0x00000000d6280000,0x00000000d6580000)
 ParOldGen       total 496640K, used 496545K [0x0000000080000000, 0x000000009e500000, 0x00000000d5580000)
  object space 496640K, 99% used [0x0000000080000000,0x000000009e4e8418,0x000000009e500000)
 Metaspace       used 66988K, committed 68480K, reserved 1114112K
  class space    used 7020K, committed 7680K, reserved 1048576K
}

