# JRE version: OpenJDK Runtime Environment Temurin-21.0.8+9 (21.0.8+9) (build 21.0.8+9-LTS)
# Java VM: OpenJDK 64-Bit Server VM Temurin-21.0.8+9 (21.0.8+9-LTS, mixed mode, sharing, tiered, compressed oops, compressed class ptrs, parallel gc, windows-amd64)
GC Precious Log:
 CardTable entry size: 512
 CPUs: 16 total, 16 available
 Memory: 7365M
 Large Page Support: Disabled
 NUMA Support: Disabled
 Compressed Oops: Enabled (32-bit)
 Alignments: Space 512K, Generation 512K, Heap 2M
 Heap Min Capacity: 100M
 Heap Initial Capacity: 100M
 Heap Max Capacity: 2G
 Pre-touch: Disabled
 Parallel Workers: 13
Heap:
 PSYoungGen      total 12800K, used 3825K [0x00000000d5580000, 0x00000000d6380000, 0x0000000100000000)
  eden space 11264K, 24% used [0x00000000d5580000,0x00000000d58346f0,0x00000000d6080000)
  from space 1536K, 68% used [0x00000000d6080000,0x00000000d6188040,0x00000000d6200000)
  to   space 1536K, 0% used [0x00000000d6200000,0x00000000d6200000,0x00000000d6380000)
 ParOldGen       total 350208K, used 350147K [0x0000000080000000, 0x0000000095600000, 0x00000000d5580000)
  object space 350208K, 99% used [0x0000000080000000,0x00000000955f0e28,0x0000000095600000)
 Metaspace       used 104584K, committed 106560K, reserved 1179648K
  class space    used 10517K, committed 11392K, reserved 1048576K
GC Heap History (20 events):
Event: 1564.853 GC heap before
{Heap before GC invocations=3033 (full 8):
 PSYoungGen      total 12800K, used 12654K [0x00000000d5580000, 0x00000000d6380000, 0x0000000100000000)
  eden space 11264K, 100% used [0x00000000d5580000,0x00000000d6080000,0x00000000d6080000)
  from space 1536K, 90% used [0x00000000d6080000,0x00000000d61dbad8,0x00000000d6200000)
  to   space 1536K, 0% used [0x00000000d6200000,0x00000000d6200000,0x00000000d6380000)
 ParOldGen       total 339456K, used 339191K [0x0000000080000000, 0x0000000094b80000, 0x00000000d5580000)
  object space 339456K, 99% used [0x0000000080000000,0x0000000094b3dfe0,0x0000000094b80000)
 Metaspace       used 104574K, committed 106560K, reserved 1179648K
  class space    used 10517K, committed 11392K, reserved 1048576K
}
Event: 1564.855 GC heap after
{Heap after GC invocations=3033 (full 8):
 PSYoungGen      total 12800K, used 1136K [0x00000000d5580000, 0x00000000d6380000, 0x0000000100000000)
  eden space 11264K, 0% used [0x00000000d5580000,0x00000000d5580000,0x00000000d6080000)
  from space 1536K, 73% used [0x00000000d6200000,0x00000000d631c010,0x00000000d6380000)
  to   space 1536K, 0% used [0x00000000d6080000,0x00000000d6080000,0x00000000d6200000)
 ParOldGen       total 340480K, used 340360K [0x0000000080000000, 0x0000000094c80000, 0x00000000d5580000)
  object space 340480K, 99% used [0x0000000080000000,0x0000000094c62088,0x0000000094c80000)
 Metaspace       used 104574K, committed 106560K, reserved 1179648K
  class space    used 10517K, committed 11392K, reserved 1048576K
}
Event: 1564.869 GC heap before
{Heap before GC invocations=3034 (full 8):
 PSYoungGen      total 12800K, used 12400K [0x00000000d5580000, 0x00000000d6380000, 0x0000000100000000)
  eden space 11264K, 100% used [0x00000000d5580000,0x00000000d6080000,0x00000000d6080000)
  from space 1536K, 73% used [0x00000000d6200000,0x00000000d631c010,0x00000000d6380000)
  to   space 1536K, 0% used [0x00000000d6080000,0x00000000d6080000,0x00000000d6200000)
 ParOldGen       total 340480K, used 340360K [0x0000000080000000, 0x0000000094c80000, 0x00000000d5580000)
  object space 340480K, 99% used [0x0000000080000000,0x0000000094c62088,0x0000000094c80000)
 Metaspace       used 104581K, committed 106560K, reserved 1179648K
  class space    used 10517K, committed 11392K, reserved 1048576K
}
Event: 1564.871 GC heap after
{Heap after GC invocations=3034 (full 8):
 PSYoungGen      total 12800K, used 1524K [0x00000000d5580000, 0x00000000d6680000, 0x0000000100000000)
  eden space 11264K, 0% used [0x00000000d5580000,0x00000000d5580000,0x00000000d6080000)
  from space 1536K, 99% used [0x00000000d6080000,0x00000000d61fd220,0x00000000d6200000)
  to   space 3072K, 0% used [0x00000000d6380000,0x00000000d6380000,0x00000000d6680000)
 ParOldGen       total 341504K, used 341196K [0x0000000080000000, 0x0000000094d80000, 0x00000000d5580000)
  object space 341504K, 99% used [0x0000000080000000,0x0000000094d333d8,0x0000000094d80000)
 Metaspace       used 104581K, committed 106560K, reserved 1179648K
  class space    used 10517K, committed 11392K, reserved 1048576K
}
Event: 1564.881 GC heap before
{Heap before GC invocations=3035 (full 8):
 PSYoungGen      total 12800K, used 12788K [0x00000000d5580000, 0x00000000d6680000, 0x0000000100000000)
  eden space 11264K, 100% used [0x00000000d5580000,0x00000000d6080000,0x00000000d6080000)
  from space 1536K, 99% used [0x00000000d6080000,0x00000000d61fd220,0x00000000d6200000)
  to   space 3072K, 0% used [0x00000000d6380000,0x00000000d6380000,0x00000000d6680000)
 ParOldGen       total 341504K, used 341196K [0x0000000080000000, 0x0000000094d80000, 0x00000000d5580000)
  object space 341504K, 99% used [0x0000000080000000,0x0000000094d333d8,0x0000000094d80000)
 Metaspace       used 104581K, committed 106560K, reserved 1179648K
  class space    used 10517K, committed 11392K, reserved 1048576K
}
Event: 1564.883 GC heap after
{Heap after GC invocations=3035 (full 8):
 PSYoungGen      total 12800K, used 1390K [0x00000000d5580000, 0x00000000d6500000, 0x0000000100000000)
  eden space 11264K, 0% used [0x00000000d5580000,0x00000000d5580000,0x00000000d6080000)
  from space 1536K, 90% used [0x00000000d6380000,0x00000000d64dbad8,0x00000000d6500000)
  to   space 2048K, 0% used [0x00000000d6100000,0x00000000d6100000,0x00000000d6300000)
 ParOldGen       total 343040K, used 342575K [0x0000000080000000, 0x0000000094f00000, 0x00000000d5580000)
  object space 343040K, 99% used [0x0000000080000000,0x0000000094e8bf00,0x0000000094f00000)
 Metaspace       used 104581K, committed 106560K, reserved 1179648K
  class space    used 10517K, committed 11392K, reserved 1048576K
}
Event: 1564.895 GC heap before
{Heap before GC invocations=3036 (full 8):
 PSYoungGen      total 12800K, used 12654K [0x00000000d5580000, 0x00000000d6500000, 0x0000000100000000)
  eden space 11264K, 100% used [0x00000000d5580000,0x00000000d6080000,0x00000000d6080000)
  from space 1536K, 90% used [0x00000000d6380000,0x00000000d64dbad8,0x00000000d6500000)
  to   space 2048K, 0% used [0x00000000d6100000,0x00000000d6100000,0x00000000d6300000)
 ParOldGen       total 343040K, used 342575K [0x0000000080000000, 0x0000000094f00000, 0x00000000d5580000)
  object space 343040K, 99% used [0x0000000080000000,0x0000000094e8bf00,0x0000000094f00000)
 Metaspace       used 104581K, committed 106560K, reserved 1179648K
  class space    used 10517K, committed 11392K, reserved 1048576K
}
Event: 1564.897 GC heap after
{Heap after GC invocations=3036 (full 8):
 PSYoungGen      total 12288K, used 1024K [0x00000000d5580000, 0x00000000d6400000, 0x0000000100000000)
  eden space 11264K, 0% used [0x00000000d5580000,0x00000000d5580000,0x00000000d6080000)
  from space 1024K, 100% used [0x00000000d6100000,0x00000000d6200000,0x00000000d6200000)
  to   space 1536K, 0% used [0x00000000d6280000,0x00000000d6280000,0x00000000d6400000)
 ParOldGen       total 344064K, used 343770K [0x0000000080000000, 0x0000000095000000, 0x00000000d5580000)
  object space 344064K, 99% used [0x0000000080000000,0x0000000094fb69b8,0x0000000095000000)
 Metaspace       used 104581K, committed 106560K, reserved 1179648K
  class space    used 10517K, committed 11392K, reserved 1048576K
}
Event: 1609.661 GC heap before
{Heap before GC invocations=3037 (full 8):
 PSYoungGen      total 12288K, used 12288K [0x00000000d5580000, 0x00000000d6400000, 0x0000000100000000)
  eden space 11264K, 100% used [0x00000000d5580000,0x00000000d6080000,0x00000000d6080000)
  from space 1024K, 100% used [0x00000000d6100000,0x00000000d6200000,0x00000000d6200000)
  to   space 1536K, 0% used [0x00000000d6280000,0x00000000d6280000,0x00000000d6400000)
 ParOldGen       total 344064K, used 343770K [0x0000000080000000, 0x0000000095000000, 0x00000000d5580000)
  object space 344064K, 99% used [0x0000000080000000,0x0000000094fb69b8,0x0000000095000000)
 Metaspace       used 104583K, committed 106560K, reserved 1179648K
  class space    used 10517K, committed 11392K, reserved 1048576K
}
Event: 1609.667 GC heap after
{Heap after GC invocations=3037 (full 8):
 PSYoungGen      total 12800K, used 1444K [0x00000000d5580000, 0x00000000d6400000, 0x0000000100000000)
  eden space 11264K, 0% used [0x00000000d5580000,0x00000000d5580000,0x00000000d6080000)
  from space 1536K, 94% used [0x00000000d6280000,0x00000000d63e9210,0x00000000d6400000)
  to   space 1536K, 0% used [0x00000000d6100000,0x00000000d6100000,0x00000000d6280000)
 ParOldGen       total 344576K, used 344551K [0x0000000080000000, 0x0000000095080000, 0x00000000d5580000)
  object space 344576K, 99% used [0x0000000080000000,0x0000000095079cd8,0x0000000095080000)
 Metaspace       used 104583K, committed 106560K, reserved 1179648K
  class space    used 10517K, committed 11392K, reserved 1048576K
}
Event: 1609.683 GC heap before
{Heap before GC invocations=3038 (full 8):
 PSYoungGen      total 12800K, used 12708K [0x00000000d5580000, 0x00000000d6400000, 0x0000000100000000)
  eden space 11264K, 99% used [0x00000000d5580000,0x00000000d607ffd8,0x00000000d6080000)
  from space 1536K, 94% used [0x00000000d6280000,0x00000000d63e9210,0x00000000d6400000)
  to   space 1536K, 0% used [0x00000000d6100000,0x00000000d6100000,0x00000000d6280000)
 ParOldGen       total 344576K, used 344551K [0x0000000080000000, 0x0000000095080000, 0x00000000d5580000)
  object space 344576K, 99% used [0x0000000080000000,0x0000000095079cd8,0x0000000095080000)
 Metaspace       used 104583K, committed 106560K, reserved 1179648K
  class space    used 10517K, committed 11392K, reserved 1048576K
}
Event: 1609.685 GC heap after
{Heap after GC invocations=3038 (full 8):
 PSYoungGen      total 12800K, used 1358K [0x00000000d5580000, 0x00000000d6380000, 0x0000000100000000)
  eden space 11264K, 0% used [0x00000000d5580000,0x00000000d5580000,0x00000000d6080000)
  from space 1536K, 88% used [0x00000000d6100000,0x00000000d6253ad8,0x00000000d6280000)
  to   space 1024K, 0% used [0x00000000d6280000,0x00000000d6280000,0x00000000d6380000)
 ParOldGen       total 346112K, used 345798K [0x0000000080000000, 0x0000000095200000, 0x00000000d5580000)
  object space 346112K, 99% used [0x0000000080000000,0x00000000951b1a30,0x0000000095200000)
 Metaspace       used 104583K, committed 106560K, reserved 1179648K
  class space    used 10517K, committed 11392K, reserved 1048576K
}
Event: 1609.714 GC heap before
{Heap before GC invocations=3039 (full 8):
 PSYoungGen      total 12800K, used 12622K [0x00000000d5580000, 0x00000000d6380000, 0x0000000100000000)
  eden space 11264K, 100% used [0x00000000d5580000,0x00000000d6080000,0x00000000d6080000)
  from space 1536K, 88% used [0x00000000d6100000,0x00000000d6253ad8,0x00000000d6280000)
  to   space 1024K, 0% used [0x00000000d6280000,0x00000000d6280000,0x00000000d6380000)
 ParOldGen       total 346112K, used 345798K [0x0000000080000000, 0x0000000095200000, 0x00000000d5580000)
  object space 346112K, 99% used [0x0000000080000000,0x00000000951b1a30,0x0000000095200000)
 Metaspace       used 104583K, committed 106560K, reserved 1179648K
  class space    used 10517K, committed 11392K, reserved 1048576K
}
Event: 1609.717 GC heap after
{Heap after GC invocations=3039 (full 8):
 PSYoungGen      total 12288K, used 1008K [0x00000000d5580000, 0x00000000d6380000, 0x0000000100000000)
  eden space 11264K, 0% used [0x00000000d5580000,0x00000000d5580000,0x00000000d6080000)
  from space 1024K, 98% used [0x00000000d6280000,0x00000000d637c010,0x00000000d6380000)
  to   space 1536K, 0% used [0x00000000d6080000,0x00000000d6080000,0x00000000d6200000)
 ParOldGen       total 347136K, used 346929K [0x0000000080000000, 0x0000000095300000, 0x00000000d5580000)
  object space 347136K, 99% used [0x0000000080000000,0x00000000952cc4c8,0x0000000095300000)
 Metaspace       used 104583K, committed 106560K, reserved 1179648K
  class space    used 10517K, committed 11392K, reserved 1048576K
}
Event: 1609.745 GC heap before
{Heap before GC invocations=3040 (full 8):
 PSYoungGen      total 12288K, used 12272K [0x00000000d5580000, 0x00000000d6380000, 0x0000000100000000)
  eden space 11264K, 100% used [0x00000000d5580000,0x00000000d6080000,0x00000000d6080000)
  from space 1024K, 98% used [0x00000000d6280000,0x00000000d637c010,0x00000000d6380000)
  to   space 1536K, 0% used [0x00000000d6080000,0x00000000d6080000,0x00000000d6200000)
 ParOldGen       total 347136K, used 346929K [0x0000000080000000, 0x0000000095300000, 0x00000000d5580000)
  object space 347136K, 99% used [0x0000000080000000,0x00000000952cc4c8,0x0000000095300000)
 Metaspace       used 104583K, committed 106560K, reserved 1179648K
  class space    used 10517K, committed 11392K, reserved 1048576K
}
Event: 1609.747 GC heap after
{Heap after GC invocations=3040 (full 8):
 PSYoungGen      total 12800K, used 1460K [0x00000000d5580000, 0x00000000d6480000, 0x0000000100000000)
  eden space 11264K, 0% used [0x00000000d5580000,0x00000000d5580000,0x00000000d6080000)
  from space 1536K, 95% used [0x00000000d6080000,0x00000000d61ed220,0x00000000d6200000)
  to   space 2048K, 0% used [0x00000000d6280000,0x00000000d6280000,0x00000000d6480000)
 ParOldGen       total 348160K, used 347737K [0x0000000080000000, 0x0000000095400000, 0x00000000d5580000)
  object space 348160K, 99% used [0x0000000080000000,0x0000000095396638,0x0000000095400000)
 Metaspace       used 104583K, committed 106560K, reserved 1179648K
  class space    used 10517K, committed 11392K, reserved 1048576K
}
Event: 1609.761 GC heap before
{Heap before GC invocations=3041 (full 8):
 PSYoungGen      total 12800K, used 12724K [0x00000000d5580000, 0x00000000d6480000, 0x0000000100000000)
  eden space 11264K, 100% used [0x00000000d5580000,0x00000000d6080000,0x00000000d6080000)
  from space 1536K, 95% used [0x00000000d6080000,0x00000000d61ed220,0x00000000d6200000)
  to   space 2048K, 0% used [0x00000000d6280000,0x00000000d6280000,0x00000000d6480000)
 ParOldGen       total 348160K, used 347737K [0x0000000080000000, 0x0000000095400000, 0x00000000d5580000)
  object space 348160K, 99% used [0x0000000080000000,0x0000000095396638,0x0000000095400000)
 Metaspace       used 104583K, committed 106560K, reserved 1179648K
  class space    used 10517K, committed 11392K, reserved 1048576K
}
Event: 1609.763 GC heap after
{Heap after GC invocations=3041 (full 8):
 PSYoungGen      total 12800K, used 1358K [0x00000000d5580000, 0x00000000d6400000, 0x0000000100000000)
  eden space 11264K, 0% used [0x00000000d5580000,0x00000000d5580000,0x00000000d6080000)
  from space 1536K, 88% used [0x00000000d6280000,0x00000000d63d3ab8,0x00000000d6400000)
  to   space 1536K, 0% used [0x00000000d6080000,0x00000000d6080000,0x00000000d6200000)
 ParOldGen       total 349184K, used 349004K [0x0000000080000000, 0x0000000095500000, 0x00000000d5580000)
  object space 349184K, 99% used [0x0000000080000000,0x00000000954d33a0,0x0000000095500000)
 Metaspace       used 104583K, committed 106560K, reserved 1179648K
  class space    used 10517K, committed 11392K, reserved 1048576K
}
Event: 1609.776 GC heap before
{Heap before GC invocations=3042 (full 8):
 PSYoungGen      total 12800K, used 12622K [0x00000000d5580000, 0x00000000d6400000, 0x0000000100000000)
  eden space 11264K, 100% used [0x00000000d5580000,0x00000000d6080000,0x00000000d6080000)
  from space 1536K, 88% used [0x00000000d6280000,0x00000000d63d3ab8,0x00000000d6400000)
  to   space 1536K, 0% used [0x00000000d6080000,0x00000000d6080000,0x00000000d6200000)
 ParOldGen       total 349184K, used 349004K [0x0000000080000000, 0x0000000095500000, 0x00000000d5580000)
  object space 349184K, 99% used [0x0000000080000000,0x00000000954d33a0,0x0000000095500000)
 Metaspace       used 104583K, committed 106560K, reserved 1179648K
  class space    used 10517K, committed 11392K, reserved 1048576K
}
Event: 1609.780 GC heap after
{Heap after GC invocations=3042 (full 8):
 PSYoungGen      total 12800K, used 1056K [0x00000000d5580000, 0x00000000d6380000, 0x0000000100000000)
  eden space 11264K, 0% used [0x00000000d5580000,0x00000000d5580000,0x00000000d6080000)
  from space 1536K, 68% used [0x00000000d6080000,0x00000000d6188040,0x00000000d6200000)
  to   space 1536K, 0% used [0x00000000d6200000,0x00000000d6200000,0x00000000d6380000)
 ParOldGen       total 350208K, used 350147K [0x0000000080000000, 0x0000000095600000, 0x00000000d5580000)
  object space 350208K, 99% used [0x0000000080000000,0x00000000955f0e28,0x0000000095600000)
 Metaspace       used 104583K, committed 106560K, reserved 1179648K
  class space    used 10517K, committed 11392K, reserved 1048576K
}

