# JRE version: OpenJDK Runtime Environment (23.0.1+11) (build 23.0.1+11-39)
# Java VM: OpenJDK 64-Bit Server VM (23.0.1+11-39, mixed mode, emulated-client, sharing, tiered, compressed oops, compressed class ptrs, g1 gc, windows-amd64)
GC Precious Log:
 CardTable entry size: 512
 Card Set container configuration: InlinePtr #cards 5 size 8 Array Of Cards #cards 10 size 36 Howl #buckets 4 coarsen threshold 1843 Howl Bitmap #cards 512 size 80 coarsen threshold 460 Card regions per heap region 1 cards per card region 2048
 CPUs: 16 total, 16 available
 Memory: 7365M
 Large Page Support: Disabled
 NUMA Support: Disabled
 Compressed Oops: Enabled (32-bit)
 Heap Region Size: 1M
 Heap Min Capacity: 8M
 Heap Initial Capacity: 116M
 Heap Max Capacity: 1842M
 Pre-touch: Disabled
 Parallel Workers: 13
 Concurrent Workers: 3
 Concurrent Refinement Workers: 13
 Periodic GC: Disabled
Heap:
 garbage-first heap   total reserved 1886208K, committed 243712K, used 140065K [0x000000008ce00000, 0x0000000100000000)
  region size 1024K, 10 young (10240K), 10 survivors (10240K)
 Metaspace       used 76021K, committed 76800K, reserved 1179648K
  class space    used 11294K, committed 11648K, reserved 1048576K
GC Heap History (20 events):
Event: 12.838 GC heap after
{Heap after GC invocations=32 (full 0):
 garbage-first heap   total reserved 1886208K, committed 121856K, used 63451K [0x000000008ce00000, 0x0000000100000000)
  region size 1024K, 7 young (7168K), 7 survivors (7168K)
 Metaspace       used 75258K, committed 75968K, reserved 1114112K
  class space    used 11089K, committed 11392K, reserved 1048576K
}
Event: 12.844 GC heap before
{Heap before GC invocations=32 (full 0):
 garbage-first heap   total reserved 1886208K, committed 121856K, used 66523K [0x000000008ce00000, 0x0000000100000000)
  region size 1024K, 11 young (11264K), 7 survivors (7168K)
 Metaspace       used 75258K, committed 75968K, reserved 1114112K
  class space    used 11089K, committed 11392K, reserved 1048576K
}
Event: 12.848 GC heap after
{Heap after GC invocations=33 (full 0):
 garbage-first heap   total reserved 1886208K, committed 121856K, used 65370K [0x000000008ce00000, 0x0000000100000000)
  region size 1024K, 2 young (2048K), 2 survivors (2048K)
 Metaspace       used 75258K, committed 75968K, reserved 1114112K
  class space    used 11089K, committed 11392K, reserved 1048576K
}
Event: 12.927 GC heap before
{Heap before GC invocations=34 (full 0):
 garbage-first heap   total reserved 1886208K, committed 121856K, used 105306K [0x000000008ce00000, 0x0000000100000000)
  region size 1024K, 40 young (40960K), 2 survivors (2048K)
 Metaspace       used 75261K, committed 76032K, reserved 1114112K
  class space    used 11089K, committed 11392K, reserved 1048576K
}
Event: 12.934 GC heap after
{Heap after GC invocations=35 (full 0):
 garbage-first heap   total reserved 1886208K, committed 121856K, used 75952K [0x000000008ce00000, 0x0000000100000000)
  region size 1024K, 5 young (5120K), 5 survivors (5120K)
 Metaspace       used 75261K, committed 76032K, reserved 1114112K
  class space    used 11089K, committed 11392K, reserved 1048576K
}
Event: 12.983 GC heap before
{Heap before GC invocations=35 (full 0):
 garbage-first heap   total reserved 1886208K, committed 121856K, used 105648K [0x000000008ce00000, 0x0000000100000000)
  region size 1024K, 34 young (34816K), 5 survivors (5120K)
 Metaspace       used 75265K, committed 76032K, reserved 1114112K
  class space    used 11090K, committed 11392K, reserved 1048576K
}
Event: 12.990 GC heap after
{Heap after GC invocations=36 (full 0):
 garbage-first heap   total reserved 1886208K, committed 121856K, used 83224K [0x000000008ce00000, 0x0000000100000000)
  region size 1024K, 5 young (5120K), 5 survivors (5120K)
 Metaspace       used 75265K, committed 76032K, reserved 1114112K
  class space    used 11090K, committed 11392K, reserved 1048576K
}
Event: 13.023 GC heap before
{Heap before GC invocations=36 (full 0):
 garbage-first heap   total reserved 1886208K, committed 121856K, used 106776K [0x000000008ce00000, 0x0000000100000000)
  region size 1024K, 28 young (28672K), 5 survivors (5120K)
 Metaspace       used 75267K, committed 76032K, reserved 1114112K
  class space    used 11090K, committed 11392K, reserved 1048576K
}
Event: 13.029 GC heap after
{Heap after GC invocations=37 (full 0):
 garbage-first heap   total reserved 1886208K, committed 243712K, used 90697K [0x000000008ce00000, 0x0000000100000000)
  region size 1024K, 4 young (4096K), 4 survivors (4096K)
 Metaspace       used 75267K, committed 76032K, reserved 1114112K
  class space    used 11090K, committed 11392K, reserved 1048576K
}
Event: 13.192 GC heap before
{Heap before GC invocations=38 (full 0):
 garbage-first heap   total reserved 1886208K, committed 243712K, used 164425K [0x000000008ce00000, 0x0000000100000000)
  region size 1024K, 87 young (89088K), 4 survivors (4096K)
 Metaspace       used 75267K, committed 76032K, reserved 1114112K
  class space    used 11090K, committed 11392K, reserved 1048576K
}
Event: 13.208 GC heap after
{Heap after GC invocations=39 (full 0):
 garbage-first heap   total reserved 1886208K, committed 243712K, used 104838K [0x000000008ce00000, 0x0000000100000000)
  region size 1024K, 11 young (11264K), 11 survivors (11264K)
 Metaspace       used 75267K, committed 76032K, reserved 1114112K
  class space    used 11090K, committed 11392K, reserved 1048576K
}
Event: 13.333 GC heap before
{Heap before GC invocations=39 (full 0):
 garbage-first heap   total reserved 1886208K, committed 243712K, used 179590K [0x000000008ce00000, 0x0000000100000000)
  region size 1024K, 82 young (83968K), 11 survivors (11264K)
 Metaspace       used 75267K, committed 76032K, reserved 1114112K
  class space    used 11090K, committed 11392K, reserved 1048576K
}
Event: 13.353 GC heap after
{Heap after GC invocations=40 (full 0):
 garbage-first heap   total reserved 1886208K, committed 243712K, used 125952K [0x000000008ce00000, 0x0000000100000000)
  region size 1024K, 11 young (11264K), 11 survivors (11264K)
 Metaspace       used 75267K, committed 76032K, reserved 1114112K
  class space    used 11090K, committed 11392K, reserved 1048576K
}
Event: 13.545 GC heap before
{Heap before GC invocations=40 (full 0):
 garbage-first heap   total reserved 1886208K, committed 243712K, used 188416K [0x000000008ce00000, 0x0000000100000000)
  region size 1024K, 72 young (73728K), 11 survivors (11264K)
 Metaspace       used 75594K, committed 76352K, reserved 1179648K
  class space    used 11136K, committed 11456K, reserved 1048576K
}
Event: 13.557 GC heap after
{Heap after GC invocations=41 (full 0):
 garbage-first heap   total reserved 1886208K, committed 243712K, used 137216K [0x000000008ce00000, 0x0000000100000000)
  region size 1024K, 9 young (9216K), 9 survivors (9216K)
 Metaspace       used 75594K, committed 76352K, reserved 1179648K
  class space    used 11136K, committed 11456K, reserved 1048576K
}
Event: 13.719 GC heap before
{Heap before GC invocations=42 (full 0):
 garbage-first heap   total reserved 1886208K, committed 243712K, used 189440K [0x000000008ce00000, 0x0000000100000000)
  region size 1024K, 68 young (69632K), 9 survivors (9216K)
 Metaspace       used 75672K, committed 76416K, reserved 1179648K
  class space    used 11154K, committed 11456K, reserved 1048576K
}
Event: 13.725 GC heap after
{Heap after GC invocations=43 (full 0):
 garbage-first heap   total reserved 1886208K, committed 243712K, used 134715K [0x000000008ce00000, 0x0000000100000000)
  region size 1024K, 5 young (5120K), 5 survivors (5120K)
 Metaspace       used 75672K, committed 76416K, reserved 1179648K
  class space    used 11154K, committed 11456K, reserved 1048576K
}
Event: 13.827 GC heap before
{Heap before GC invocations=43 (full 0):
 garbage-first heap   total reserved 1886208K, committed 243712K, used 200251K [0x000000008ce00000, 0x0000000100000000)
  region size 1024K, 69 young (70656K), 5 survivors (5120K)
 Metaspace       used 75923K, committed 76672K, reserved 1179648K
  class space    used 11281K, committed 11584K, reserved 1048576K
}
Event: 13.833 GC heap after
{Heap after GC invocations=44 (full 0):
 garbage-first heap   total reserved 1886208K, committed 243712K, used 128728K [0x000000008ce00000, 0x0000000100000000)
  region size 1024K, 9 young (9216K), 9 survivors (9216K)
 Metaspace       used 75923K, committed 76672K, reserved 1179648K
  class space    used 11281K, committed 11584K, reserved 1048576K
}
Event: 13.989 GC heap before
{Heap before GC invocations=44 (full 0):
 garbage-first heap   total reserved 1886208K, committed 243712K, used 199384K [0x000000008ce00000, 0x0000000100000000)
  region size 1024K, 78 young (79872K), 9 survivors (9216K)
 Metaspace       used 76021K, committed 76800K, reserved 1179648K
  class space    used 11294K, committed 11648K, reserved 1048576K
}

