# JRE version: OpenJDK Runtime Environment (23.0.1+11) (build 23.0.1+11-39)
# Java VM: OpenJDK 64-Bit Server VM (23.0.1+11-39, mixed mode, emulated-client, sharing, tiered, compressed oops, compressed class ptrs, g1 gc, windows-amd64)
GC Precious Log:
 CardTable entry size: 512
 Card Set container configuration: InlinePtr #cards 5 size 8 Array Of Cards #cards 10 size 36 Howl #buckets 4 coarsen threshold 1843 Howl Bitmap #cards 512 size 80 coarsen threshold 460 Card regions per heap region 1 cards per card region 2048
 CPUs: 16 total, 16 available
 Memory: 7365M
 Large Page Support: Disabled
 NUMA Support: Disabled
 Compressed Oops: Enabled (32-bit)
 Heap Region Size: 1M
 Heap Min Capacity: 8M
 Heap Initial Capacity: 116M
 Heap Max Capacity: 1842M
 Pre-touch: Disabled
 Parallel Workers: 13
 Concurrent Workers: 3
 Concurrent Refinement Workers: 13
 Periodic GC: Disabled
Heap:
 garbage-first heap   total reserved 1886208K, committed 305152K, used 172032K [0x000000008ce00000, 0x0000000100000000)
  region size 1024K, 14 young (14336K), 14 survivors (14336K)
 Metaspace       used 76157K, committed 76928K, reserved 1179648K
  class space    used 11327K, committed 11648K, reserved 1048576K
GC Heap History (20 events):
Event: 9.338 GC heap after
{Heap after GC invocations=42 (full 0):
 garbage-first heap   total reserved 1886208K, committed 150528K, used 91136K [0x000000008ce00000, 0x0000000100000000)
  region size 1024K, 7 young (7168K), 7 survivors (7168K)
 Metaspace       used 75271K, committed 76032K, reserved 1114112K
  class space    used 11098K, committed 11456K, reserved 1048576K
}
Event: 9.403 GC heap before
{Heap before GC invocations=43 (full 0):
 garbage-first heap   total reserved 1886208K, committed 150528K, used 125952K [0x000000008ce00000, 0x0000000100000000)
  region size 1024K, 42 young (43008K), 7 survivors (7168K)
 Metaspace       used 75273K, committed 76032K, reserved 1114112K
  class space    used 11098K, committed 11456K, reserved 1048576K
}
Event: 9.409 GC heap after
{Heap after GC invocations=44 (full 0):
 garbage-first heap   total reserved 1886208K, committed 150528K, used 96573K [0x000000008ce00000, 0x0000000100000000)
  region size 1024K, 6 young (6144K), 6 survivors (6144K)
 Metaspace       used 75273K, committed 76032K, reserved 1114112K
  class space    used 11098K, committed 11456K, reserved 1048576K
}
Event: 9.452 GC heap before
{Heap before GC invocations=44 (full 0):
 garbage-first heap   total reserved 1886208K, committed 150528K, used 128317K [0x000000008ce00000, 0x0000000100000000)
  region size 1024K, 37 young (37888K), 6 survivors (6144K)
 Metaspace       used 75273K, committed 76032K, reserved 1114112K
  class space    used 11098K, committed 11456K, reserved 1048576K
}
Event: 9.461 GC heap after
{Heap after GC invocations=45 (full 0):
 garbage-first heap   total reserved 1886208K, committed 150528K, used 108147K [0x000000008ce00000, 0x0000000100000000)
  region size 1024K, 5 young (5120K), 5 survivors (5120K)
 Metaspace       used 75273K, committed 76032K, reserved 1114112K
  class space    used 11098K, committed 11456K, reserved 1048576K
}
Event: 9.480 GC heap before
{Heap before GC invocations=45 (full 0):
 garbage-first heap   total reserved 1886208K, committed 150528K, used 122483K [0x000000008ce00000, 0x0000000100000000)
  region size 1024K, 20 young (20480K), 5 survivors (5120K)
 Metaspace       used 75273K, committed 76032K, reserved 1114112K
  class space    used 11098K, committed 11456K, reserved 1048576K
}
Event: 9.486 GC heap after
{Heap after GC invocations=46 (full 0):
 garbage-first heap   total reserved 1886208K, committed 305152K, used 114606K [0x000000008ce00000, 0x0000000100000000)
  region size 1024K, 4 young (4096K), 4 survivors (4096K)
 Metaspace       used 75273K, committed 76032K, reserved 1114112K
  class space    used 11098K, committed 11456K, reserved 1048576K
}
Event: 9.688 GC heap before
{Heap before GC invocations=46 (full 0):
 garbage-first heap   total reserved 1886208K, committed 305152K, used 223150K [0x000000008ce00000, 0x0000000100000000)
  region size 1024K, 107 young (109568K), 4 survivors (4096K)
 Metaspace       used 75273K, committed 76032K, reserved 1114112K
  class space    used 11098K, committed 11456K, reserved 1048576K
}
Event: 9.711 GC heap after
{Heap after GC invocations=47 (full 0):
 garbage-first heap   total reserved 1886208K, committed 305152K, used 157696K [0x000000008ce00000, 0x0000000100000000)
  region size 1024K, 14 young (14336K), 14 survivors (14336K)
 Metaspace       used 75273K, committed 76032K, reserved 1114112K
  class space    used 11098K, committed 11456K, reserved 1048576K
}
Event: 9.962 GC heap before
{Heap before GC invocations=47 (full 0):
 garbage-first heap   total reserved 1886208K, committed 305152K, used 233472K [0x000000008ce00000, 0x0000000100000000)
  region size 1024K, 88 young (90112K), 14 survivors (14336K)
 Metaspace       used 75681K, committed 76480K, reserved 1114112K
  class space    used 11166K, committed 11520K, reserved 1048576K
}
Event: 9.975 GC heap after
{Heap after GC invocations=48 (full 0):
 garbage-first heap   total reserved 1886208K, committed 305152K, used 166991K [0x000000008ce00000, 0x0000000100000000)
  region size 1024K, 7 young (7168K), 7 survivors (7168K)
 Metaspace       used 75681K, committed 76480K, reserved 1114112K
  class space    used 11166K, committed 11520K, reserved 1048576K
}
Event: 10.135 GC heap before
{Heap before GC invocations=49 (full 0):
 garbage-first heap   total reserved 1886208K, committed 305152K, used 234575K [0x000000008ce00000, 0x0000000100000000)
  region size 1024K, 83 young (84992K), 7 survivors (7168K)
 Metaspace       used 75948K, committed 76736K, reserved 1114112K
  class space    used 11296K, committed 11648K, reserved 1048576K
}
Event: 10.139 GC heap after
{Heap after GC invocations=50 (full 0):
 garbage-first heap   total reserved 1886208K, committed 305152K, used 157191K [0x000000008ce00000, 0x0000000100000000)
  region size 1024K, 3 young (3072K), 3 survivors (3072K)
 Metaspace       used 75948K, committed 76736K, reserved 1114112K
  class space    used 11296K, committed 11648K, reserved 1048576K
}
Event: 10.348 GC heap before
{Heap before GC invocations=50 (full 0):
 garbage-first heap   total reserved 1886208K, committed 305152K, used 247303K [0x000000008ce00000, 0x0000000100000000)
  region size 1024K, 91 young (93184K), 3 survivors (3072K)
 Metaspace       used 76050K, committed 76800K, reserved 1114112K
  class space    used 11305K, committed 11648K, reserved 1048576K
}
Event: 10.352 GC heap after
{Heap after GC invocations=51 (full 0):
 garbage-first heap   total reserved 1886208K, committed 305152K, used 130280K [0x000000008ce00000, 0x0000000100000000)
  region size 1024K, 6 young (6144K), 6 survivors (6144K)
 Metaspace       used 76050K, committed 76800K, reserved 1114112K
  class space    used 11305K, committed 11648K, reserved 1048576K
}
Event: 10.525 GC heap before
{Heap before GC invocations=51 (full 0):
 garbage-first heap   total reserved 1886208K, committed 305152K, used 240872K [0x000000008ce00000, 0x0000000100000000)
  region size 1024K, 114 young (116736K), 6 survivors (6144K)
 Metaspace       used 76079K, committed 76864K, reserved 1179648K
  class space    used 11312K, committed 11648K, reserved 1048576K
}
Event: 10.529 GC heap after
{Heap after GC invocations=52 (full 0):
 garbage-first heap   total reserved 1886208K, committed 305152K, used 129253K [0x000000008ce00000, 0x0000000100000000)
  region size 1024K, 5 young (5120K), 5 survivors (5120K)
 Metaspace       used 76079K, committed 76864K, reserved 1179648K
  class space    used 11312K, committed 11648K, reserved 1048576K
}
Event: 10.702 GC heap before
{Heap before GC invocations=52 (full 0):
 garbage-first heap   total reserved 1886208K, committed 305152K, used 245989K [0x000000008ce00000, 0x0000000100000000)
  region size 1024K, 118 young (120832K), 5 survivors (5120K)
 Metaspace       used 76082K, committed 76864K, reserved 1179648K
  class space    used 11312K, committed 11648K, reserved 1048576K
}
Event: 10.720 GC heap after
{Heap after GC invocations=53 (full 0):
 garbage-first heap   total reserved 1886208K, committed 305152K, used 154991K [0x000000008ce00000, 0x0000000100000000)
  region size 1024K, 15 young (15360K), 15 survivors (15360K)
 Metaspace       used 76082K, committed 76864K, reserved 1179648K
  class space    used 11312K, committed 11648K, reserved 1048576K
}
Event: 10.868 GC heap before
{Heap before GC invocations=53 (full 0):
 garbage-first heap   total reserved 1886208K, committed 305152K, used 252271K [0x000000008ce00000, 0x0000000100000000)
  region size 1024K, 110 young (112640K), 15 survivors (15360K)
 Metaspace       used 76157K, committed 76928K, reserved 1179648K
  class space    used 11327K, committed 11648K, reserved 1048576K
}

