# JRE version: OpenJDK Runtime Environment Temurin-21.0.8+9 (21.0.8+9) (build 21.0.8+9-LTS)
# Java VM: OpenJDK 64-Bit Server VM Temurin-21.0.8+9 (21.0.8+9-LTS, mixed mode, sharing, tiered, compressed oops, compressed class ptrs, parallel gc, windows-amd64)
GC Precious Log:
 CardTable entry size: 512
 CPUs: 16 total, 16 available
 Memory: 7365M
 Large Page Support: Disabled
 NUMA Support: Disabled
 Compressed Oops: Enabled (32-bit)
 Alignments: Space 512K, Generation 512K, Heap 2M
 Heap Min Capacity: 100M
 Heap Initial Capacity: 100M
 Heap Max Capacity: 2G
 Pre-touch: Disabled
 Parallel Workers: 13
Heap:
 PSYoungGen      total 15872K, used 5643K [0x00000000d5580000, 0x00000000d7000000, 0x0000000100000000)
  eden space 15360K, 33% used [0x00000000d5580000,0x00000000d5a846a8,0x00000000d6480000)
  from space 512K, 98% used [0x00000000d6f80000,0x00000000d6ffe910,0x00000000d7000000)
  to   space 3584K, 0% used [0x00000000d6900000,0x00000000d6900000,0x00000000d6c80000)
 ParOldGen       total 640000K, used 425621K [0x0000000080000000, 0x00000000a7100000, 0x00000000d5580000)
  object space 640000K, 66% used [0x0000000080000000,0x0000000099fa5508,0x00000000a7100000)
 Metaspace       used 81724K, committed 83328K, reserved 1179648K
  class space    used 8166K, committed 8896K, reserved 1048576K
GC Heap History (20 events):
Event: 67.171 GC heap before
{Heap before GC invocations=1422 (full 4):
 PSYoungGen      total 22528K, used 22006K [0x00000000d5580000, 0x00000000d6e00000, 0x0000000100000000)
  eden space 19968K, 100% used [0x00000000d5580000,0x00000000d6900000,0x00000000d6900000)
  from space 2560K, 79% used [0x00000000d6900000,0x00000000d6afd828,0x00000000d6b80000)
  to   space 2560K, 0% used [0x00000000d6b80000,0x00000000d6b80000,0x00000000d6e00000)
 ParOldGen       total 640000K, used 390426K [0x0000000080000000, 0x00000000a7100000, 0x00000000d5580000)
  object space 640000K, 61% used [0x0000000080000000,0x0000000097d46970,0x00000000a7100000)
 Metaspace       used 78922K, committed 80576K, reserved 1179648K
  class space    used 7915K, committed 8704K, reserved 1048576K
}
Event: 67.189 GC heap after
{Heap after GC invocations=1422 (full 4):
 PSYoungGen      total 17920K, used 2535K [0x00000000d5580000, 0x00000000d7700000, 0x0000000100000000)
  eden space 15360K, 0% used [0x00000000d5580000,0x00000000d5580000,0x00000000d6480000)
  from space 2560K, 99% used [0x00000000d6b80000,0x00000000d6df9c80,0x00000000d6e00000)
  to   space 7168K, 0% used [0x00000000d6480000,0x00000000d6480000,0x00000000d6b80000)
 ParOldGen       total 640000K, used 394039K [0x0000000080000000, 0x00000000a7100000, 0x00000000d5580000)
  object space 640000K, 61% used [0x0000000080000000,0x00000000980cdd18,0x00000000a7100000)
 Metaspace       used 78922K, committed 80576K, reserved 1179648K
  class space    used 7915K, committed 8704K, reserved 1048576K
}
Event: 67.385 GC heap before
{Heap before GC invocations=1423 (full 4):
 PSYoungGen      total 17920K, used 17895K [0x00000000d5580000, 0x00000000d7700000, 0x0000000100000000)
  eden space 15360K, 100% used [0x00000000d5580000,0x00000000d6480000,0x00000000d6480000)
  from space 2560K, 99% used [0x00000000d6b80000,0x00000000d6df9c80,0x00000000d6e00000)
  to   space 7168K, 0% used [0x00000000d6480000,0x00000000d6480000,0x00000000d6b80000)
 ParOldGen       total 640000K, used 394039K [0x0000000080000000, 0x00000000a7100000, 0x00000000d5580000)
  object space 640000K, 61% used [0x0000000080000000,0x00000000980cdd18,0x00000000a7100000)
 Metaspace       used 78950K, committed 80640K, reserved 1179648K
  class space    used 7915K, committed 8704K, reserved 1048576K
}
Event: 67.390 GC heap after
{Heap after GC invocations=1423 (full 4):
 PSYoungGen      total 20992K, used 5312K [0x00000000d5580000, 0x00000000d6f80000, 0x0000000100000000)
  eden space 15360K, 0% used [0x00000000d5580000,0x00000000d5580000,0x00000000d6480000)
  from space 5632K, 94% used [0x00000000d6480000,0x00000000d69b0370,0x00000000d6a00000)
  to   space 5632K, 0% used [0x00000000d6a00000,0x00000000d6a00000,0x00000000d6f80000)
 ParOldGen       total 640000K, used 394239K [0x0000000080000000, 0x00000000a7100000, 0x00000000d5580000)
  object space 640000K, 61% used [0x0000000080000000,0x00000000980ffd18,0x00000000a7100000)
 Metaspace       used 78950K, committed 80640K, reserved 1179648K
  class space    used 7915K, committed 8704K, reserved 1048576K
}
Event: 67.635 GC heap before
{Heap before GC invocations=1424 (full 4):
 PSYoungGen      total 20992K, used 20672K [0x00000000d5580000, 0x00000000d6f80000, 0x0000000100000000)
  eden space 15360K, 100% used [0x00000000d5580000,0x00000000d6480000,0x00000000d6480000)
  from space 5632K, 94% used [0x00000000d6480000,0x00000000d69b0370,0x00000000d6a00000)
  to   space 5632K, 0% used [0x00000000d6a00000,0x00000000d6a00000,0x00000000d6f80000)
 ParOldGen       total 640000K, used 394239K [0x0000000080000000, 0x00000000a7100000, 0x00000000d5580000)
  object space 640000K, 61% used [0x0000000080000000,0x00000000980ffd18,0x00000000a7100000)
 Metaspace       used 78955K, committed 80640K, reserved 1179648K
  class space    used 7915K, committed 8704K, reserved 1048576K
}
Event: 67.653 GC heap after
{Heap after GC invocations=1424 (full 4):
 PSYoungGen      total 20992K, used 5395K [0x00000000d5580000, 0x00000000d6f80000, 0x0000000100000000)
  eden space 15360K, 0% used [0x00000000d5580000,0x00000000d5580000,0x00000000d6480000)
  from space 5632K, 95% used [0x00000000d6a00000,0x00000000d6f44c68,0x00000000d6f80000)
  to   space 5632K, 0% used [0x00000000d6480000,0x00000000d6480000,0x00000000d6a00000)
 ParOldGen       total 640000K, used 398842K [0x0000000080000000, 0x00000000a7100000, 0x00000000d5580000)
  object space 640000K, 62% used [0x0000000080000000,0x000000009857e8a8,0x00000000a7100000)
 Metaspace       used 78955K, committed 80640K, reserved 1179648K
  class space    used 7915K, committed 8704K, reserved 1048576K
}
Event: 67.830 GC heap before
{Heap before GC invocations=1425 (full 4):
 PSYoungGen      total 20992K, used 20755K [0x00000000d5580000, 0x00000000d6f80000, 0x0000000100000000)
  eden space 15360K, 100% used [0x00000000d5580000,0x00000000d6480000,0x00000000d6480000)
  from space 5632K, 95% used [0x00000000d6a00000,0x00000000d6f44c68,0x00000000d6f80000)
  to   space 5632K, 0% used [0x00000000d6480000,0x00000000d6480000,0x00000000d6a00000)
 ParOldGen       total 640000K, used 398842K [0x0000000080000000, 0x00000000a7100000, 0x00000000d5580000)
  object space 640000K, 62% used [0x0000000080000000,0x000000009857e8a8,0x00000000a7100000)
 Metaspace       used 78956K, committed 80640K, reserved 1179648K
  class space    used 7915K, committed 8704K, reserved 1048576K
}
Event: 67.848 GC heap after
{Heap after GC invocations=1425 (full 4):
 PSYoungGen      total 20992K, used 5629K [0x00000000d5580000, 0x00000000d7d80000, 0x0000000100000000)
  eden space 15360K, 0% used [0x00000000d5580000,0x00000000d5580000,0x00000000d6480000)
  from space 5632K, 99% used [0x00000000d6480000,0x00000000d69ff570,0x00000000d6a00000)
  to   space 12800K, 0% used [0x00000000d7100000,0x00000000d7100000,0x00000000d7d80000)
 ParOldGen       total 640000K, used 404615K [0x0000000080000000, 0x00000000a7100000, 0x00000000d5580000)
  object space 640000K, 63% used [0x0000000080000000,0x0000000098b21c40,0x00000000a7100000)
 Metaspace       used 78956K, committed 80640K, reserved 1179648K
  class space    used 7915K, committed 8704K, reserved 1048576K
}
Event: 68.049 GC heap before
{Heap before GC invocations=1426 (full 4):
 PSYoungGen      total 20992K, used 20986K [0x00000000d5580000, 0x00000000d7d80000, 0x0000000100000000)
  eden space 15360K, 99% used [0x00000000d5580000,0x00000000d647f338,0x00000000d6480000)
  from space 5632K, 99% used [0x00000000d6480000,0x00000000d69ff570,0x00000000d6a00000)
  to   space 12800K, 0% used [0x00000000d7100000,0x00000000d7100000,0x00000000d7d80000)
 ParOldGen       total 640000K, used 404615K [0x0000000080000000, 0x00000000a7100000, 0x00000000d5580000)
  object space 640000K, 63% used [0x0000000080000000,0x0000000098b21c40,0x00000000a7100000)
 Metaspace       used 78956K, committed 80640K, reserved 1179648K
  class space    used 7915K, committed 8704K, reserved 1048576K
}
Event: 68.060 GC heap after
{Heap after GC invocations=1426 (full 4):
 PSYoungGen      total 21504K, used 5780K [0x00000000d5580000, 0x00000000d7700000, 0x0000000100000000)
  eden space 15360K, 0% used [0x00000000d5580000,0x00000000d5580000,0x00000000d6480000)
  from space 6144K, 94% used [0x00000000d7100000,0x00000000d76a5028,0x00000000d7700000)
  to   space 8192K, 0% used [0x00000000d6700000,0x00000000d6700000,0x00000000d6f00000)
 ParOldGen       total 640000K, used 408616K [0x0000000080000000, 0x00000000a7100000, 0x00000000d5580000)
  object space 640000K, 63% used [0x0000000080000000,0x0000000098f0a058,0x00000000a7100000)
 Metaspace       used 78956K, committed 80640K, reserved 1179648K
  class space    used 7915K, committed 8704K, reserved 1048576K
}
Event: 68.287 GC heap before
{Heap before GC invocations=1427 (full 4):
 PSYoungGen      total 21504K, used 21140K [0x00000000d5580000, 0x00000000d7700000, 0x0000000100000000)
  eden space 15360K, 100% used [0x00000000d5580000,0x00000000d6480000,0x00000000d6480000)
  from space 6144K, 94% used [0x00000000d7100000,0x00000000d76a5028,0x00000000d7700000)
  to   space 8192K, 0% used [0x00000000d6700000,0x00000000d6700000,0x00000000d6f00000)
 ParOldGen       total 640000K, used 408616K [0x0000000080000000, 0x00000000a7100000, 0x00000000d5580000)
  object space 640000K, 63% used [0x0000000080000000,0x0000000098f0a058,0x00000000a7100000)
 Metaspace       used 79073K, committed 80704K, reserved 1179648K
  class space    used 7928K, committed 8704K, reserved 1048576K
}
Event: 68.305 GC heap after
{Heap after GC invocations=1427 (full 4):
 PSYoungGen      total 23552K, used 8191K [0x00000000d5580000, 0x00000000d7e80000, 0x0000000100000000)
  eden space 15360K, 0% used [0x00000000d5580000,0x00000000d5580000,0x00000000d6480000)
  from space 8192K, 99% used [0x00000000d6700000,0x00000000d6efffe0,0x00000000d6f00000)
  to   space 13312K, 0% used [0x00000000d7180000,0x00000000d7180000,0x00000000d7e80000)
 ParOldGen       total 640000K, used 412568K [0x0000000080000000, 0x00000000a7100000, 0x00000000d5580000)
  object space 640000K, 64% used [0x0000000080000000,0x00000000992e60c0,0x00000000a7100000)
 Metaspace       used 79073K, committed 80704K, reserved 1179648K
  class space    used 7928K, committed 8704K, reserved 1048576K
}
Event: 68.648 GC heap before
{Heap before GC invocations=1428 (full 4):
 PSYoungGen      total 23552K, used 23551K [0x00000000d5580000, 0x00000000d7e80000, 0x0000000100000000)
  eden space 15360K, 100% used [0x00000000d5580000,0x00000000d6480000,0x00000000d6480000)
  from space 8192K, 99% used [0x00000000d6700000,0x00000000d6efffe0,0x00000000d6f00000)
  to   space 13312K, 0% used [0x00000000d7180000,0x00000000d7180000,0x00000000d7e80000)
 ParOldGen       total 640000K, used 412568K [0x0000000080000000, 0x00000000a7100000, 0x00000000d5580000)
  object space 640000K, 64% used [0x0000000080000000,0x00000000992e60c0,0x00000000a7100000)
 Metaspace       used 79711K, committed 81344K, reserved 1179648K
  class space    used 7974K, committed 8704K, reserved 1048576K
}
Event: 68.663 GC heap after
{Heap after GC invocations=1428 (full 4):
 PSYoungGen      total 17920K, used 2512K [0x00000000d5580000, 0x00000000d7400000, 0x0000000100000000)
  eden space 15360K, 0% used [0x00000000d5580000,0x00000000d5580000,0x00000000d6480000)
  from space 2560K, 98% used [0x00000000d7180000,0x00000000d73f43b0,0x00000000d7400000)
  to   space 6144K, 0% used [0x00000000d6800000,0x00000000d6800000,0x00000000d6e00000)
 ParOldGen       total 640000K, used 419675K [0x0000000080000000, 0x00000000a7100000, 0x00000000d5580000)
  object space 640000K, 65% used [0x0000000080000000,0x00000000999d6f70,0x00000000a7100000)
 Metaspace       used 79711K, committed 81344K, reserved 1179648K
  class space    used 7974K, committed 8704K, reserved 1048576K
}
Event: 69.223 GC heap before
{Heap before GC invocations=1429 (full 4):
 PSYoungGen      total 17920K, used 17872K [0x00000000d5580000, 0x00000000d7400000, 0x0000000100000000)
  eden space 15360K, 100% used [0x00000000d5580000,0x00000000d6480000,0x00000000d6480000)
  from space 2560K, 98% used [0x00000000d7180000,0x00000000d73f43b0,0x00000000d7400000)
  to   space 6144K, 0% used [0x00000000d6800000,0x00000000d6800000,0x00000000d6e00000)
 ParOldGen       total 640000K, used 419675K [0x0000000080000000, 0x00000000a7100000, 0x00000000d5580000)
  object space 640000K, 65% used [0x0000000080000000,0x00000000999d6f70,0x00000000a7100000)
 Metaspace       used 80536K, committed 82176K, reserved 1179648K
  class space    used 8049K, committed 8832K, reserved 1048576K
}
Event: 69.230 GC heap after
{Heap after GC invocations=1429 (full 4):
 PSYoungGen      total 21504K, used 1141K [0x00000000d5580000, 0x00000000d7200000, 0x0000000100000000)
  eden space 15360K, 0% used [0x00000000d5580000,0x00000000d5580000,0x00000000d6480000)
  from space 6144K, 18% used [0x00000000d6800000,0x00000000d691d430,0x00000000d6e00000)
  to   space 2560K, 0% used [0x00000000d6f80000,0x00000000d6f80000,0x00000000d7200000)
 ParOldGen       total 640000K, used 421857K [0x0000000080000000, 0x00000000a7100000, 0x00000000d5580000)
  object space 640000K, 65% used [0x0000000080000000,0x0000000099bf86e0,0x00000000a7100000)
 Metaspace       used 80536K, committed 82176K, reserved 1179648K
  class space    used 8049K, committed 8832K, reserved 1048576K
}
Event: 69.428 GC heap before
{Heap before GC invocations=1430 (full 4):
 PSYoungGen      total 21504K, used 16501K [0x00000000d5580000, 0x00000000d7200000, 0x0000000100000000)
  eden space 15360K, 100% used [0x00000000d5580000,0x00000000d6480000,0x00000000d6480000)
  from space 6144K, 18% used [0x00000000d6800000,0x00000000d691d430,0x00000000d6e00000)
  to   space 2560K, 0% used [0x00000000d6f80000,0x00000000d6f80000,0x00000000d7200000)
 ParOldGen       total 640000K, used 421857K [0x0000000080000000, 0x00000000a7100000, 0x00000000d5580000)
  object space 640000K, 65% used [0x0000000080000000,0x0000000099bf86e0,0x00000000a7100000)
 Metaspace       used 81169K, committed 82752K, reserved 1179648K
  class space    used 8118K, committed 8832K, reserved 1048576K
}
Event: 69.502 GC heap after
{Heap after GC invocations=1430 (full 4):
 PSYoungGen      total 16896K, used 1320K [0x00000000d5580000, 0x00000000d7100000, 0x0000000100000000)
  eden space 15360K, 0% used [0x00000000d5580000,0x00000000d5580000,0x00000000d6480000)
  from space 1536K, 85% used [0x00000000d6f80000,0x00000000d70ca2f0,0x00000000d7100000)
  to   space 1536K, 0% used [0x00000000d6e00000,0x00000000d6e00000,0x00000000d6f80000)
 ParOldGen       total 640000K, used 422702K [0x0000000080000000, 0x00000000a7100000, 0x00000000d5580000)
  object space 640000K, 66% used [0x0000000080000000,0x0000000099ccbaa8,0x00000000a7100000)
 Metaspace       used 81169K, committed 82752K, reserved 1179648K
  class space    used 8118K, committed 8832K, reserved 1048576K
}
Event: 339.271 GC heap before
{Heap before GC invocations=1431 (full 4):
 PSYoungGen      total 16896K, used 16680K [0x00000000d5580000, 0x00000000d7100000, 0x0000000100000000)
  eden space 15360K, 100% used [0x00000000d5580000,0x00000000d6480000,0x00000000d6480000)
  from space 1536K, 85% used [0x00000000d6f80000,0x00000000d70ca2f0,0x00000000d7100000)
  to   space 1536K, 0% used [0x00000000d6e00000,0x00000000d6e00000,0x00000000d6f80000)
 ParOldGen       total 640000K, used 422702K [0x0000000080000000, 0x00000000a7100000, 0x00000000d5580000)
  object space 640000K, 66% used [0x0000000080000000,0x0000000099ccbaa8,0x00000000a7100000)
 Metaspace       used 81700K, committed 83328K, reserved 1179648K
  class space    used 8165K, committed 8896K, reserved 1048576K
}
Event: 339.330 GC heap after
{Heap after GC invocations=1431 (full 4):
 PSYoungGen      total 16896K, used 1189K [0x00000000d5580000, 0x00000000d7000000, 0x0000000100000000)
  eden space 15360K, 0% used [0x00000000d5580000,0x00000000d5580000,0x00000000d6480000)
  from space 1536K, 77% used [0x00000000d6e00000,0x00000000d6f29440,0x00000000d6f80000)
  to   space 512K, 0% used [0x00000000d6f80000,0x00000000d6f80000,0x00000000d7000000)
 ParOldGen       total 640000K, used 423062K [0x0000000080000000, 0x00000000a7100000, 0x00000000d5580000)
  object space 640000K, 66% used [0x0000000080000000,0x0000000099d25aa8,0x00000000a7100000)
 Metaspace       used 81700K, committed 83328K, reserved 1179648K
  class space    used 8165K, committed 8896K, reserved 1048576K
}

