# JRE version: OpenJDK Runtime Environment Temurin-21.0.8+9 (21.0.8+9) (build 21.0.8+9-LTS)
# Java VM: OpenJDK 64-Bit Server VM Temurin-21.0.8+9 (21.0.8+9-LTS, mixed mode, sharing, tiered, compressed oops, compressed class ptrs, parallel gc, windows-amd64)
GC Precious Log:
 CardTable entry size: 512
 CPUs: 16 total, 16 available
 Memory: 7365M
 Large Page Support: Disabled
 NUMA Support: Disabled
 Compressed Oops: Enabled (32-bit)
 Alignments: Space 512K, Generation 512K, Heap 2M
 Heap Min Capacity: 100M
 Heap Initial Capacity: 100M
 Heap Max Capacity: 2G
 Pre-touch: Disabled
 Parallel Workers: 13
Heap:
 PSYoungGen      total 9728K, used 3623K [0x00000000d5580000, 0x00000000d6600000, 0x0000000100000000)
  eden space 9216K, 33% used [0x00000000d5580000,0x00000000d588a250,0x00000000d5e80000)
  from space 512K, 99% used [0x00000000d6580000,0x00000000d65ffb08,0x00000000d6600000)
  to   space 1536K, 0% used [0x00000000d6300000,0x00000000d6300000,0x00000000d6480000)
 ParOldGen       total 644608K, used 309726K [0x0000000080000000, 0x00000000a7580000, 0x00000000d5580000)
  object space 644608K, 48% used [0x0000000080000000,0x0000000092e779e8,0x00000000a7580000)
 Metaspace       used 85938K, committed 87808K, reserved 1179648K
  class space    used 8690K, committed 9536K, reserved 1048576K
GC Heap History (20 events):
Event: 398.998 GC heap before
{Heap before GC invocations=1558 (full 5):
 PSYoungGen      total 9216K, used 9171K [0x00000000d5580000, 0x00000000d6d80000, 0x0000000100000000)
  eden space 5120K, 100% used [0x00000000d5580000,0x00000000d5a80000,0x00000000d5a80000)
  from space 4096K, 98% used [0x00000000d6980000,0x00000000d6d74c80,0x00000000d6d80000)
  to   space 5120K, 0% used [0x00000000d6380000,0x00000000d6380000,0x00000000d6880000)
 ParOldGen       total 644608K, used 297563K [0x0000000080000000, 0x00000000a7580000, 0x00000000d5580000)
  object space 644608K, 46% used [0x0000000080000000,0x0000000092296fa8,0x00000000a7580000)
 Metaspace       used 84527K, committed 86400K, reserved 1179648K
  class space    used 8551K, committed 9408K, reserved 1048576K
}
Event: 399.009 GC heap after
{Heap after GC invocations=1558 (full 5):
 PSYoungGen      total 9728K, used 4544K [0x00000000d5580000, 0x00000000d6a00000, 0x0000000100000000)
  eden space 5120K, 0% used [0x00000000d5580000,0x00000000d5580000,0x00000000d5a80000)
  from space 4608K, 98% used [0x00000000d6380000,0x00000000d67f0000,0x00000000d6800000)
  to   space 2048K, 0% used [0x00000000d6800000,0x00000000d6800000,0x00000000d6a00000)
 ParOldGen       total 644608K, used 301495K [0x0000000080000000, 0x00000000a7580000, 0x00000000d5580000)
  object space 644608K, 46% used [0x0000000080000000,0x000000009266dc28,0x00000000a7580000)
 Metaspace       used 84527K, committed 86400K, reserved 1179648K
  class space    used 8551K, committed 9408K, reserved 1048576K
}
Event: 399.044 GC heap before
{Heap before GC invocations=1559 (full 5):
 PSYoungGen      total 9728K, used 9664K [0x00000000d5580000, 0x00000000d6a00000, 0x0000000100000000)
  eden space 5120K, 100% used [0x00000000d5580000,0x00000000d5a80000,0x00000000d5a80000)
  from space 4608K, 98% used [0x00000000d6380000,0x00000000d67f0000,0x00000000d6800000)
  to   space 2048K, 0% used [0x00000000d6800000,0x00000000d6800000,0x00000000d6a00000)
 ParOldGen       total 644608K, used 301495K [0x0000000080000000, 0x00000000a7580000, 0x00000000d5580000)
  object space 644608K, 46% used [0x0000000080000000,0x000000009266dc28,0x00000000a7580000)
 Metaspace       used 84577K, committed 86464K, reserved 1179648K
  class space    used 8551K, committed 9408K, reserved 1048576K
}
Event: 399.053 GC heap after
{Heap after GC invocations=1559 (full 5):
 PSYoungGen      total 7168K, used 783K [0x00000000d5580000, 0x00000000d6900000, 0x0000000100000000)
  eden space 6144K, 0% used [0x00000000d5580000,0x00000000d5580000,0x00000000d5b80000)
  from space 1024K, 76% used [0x00000000d6800000,0x00000000d68c3c90,0x00000000d6900000)
  to   space 2560K, 0% used [0x00000000d6400000,0x00000000d6400000,0x00000000d6680000)
 ParOldGen       total 644608K, used 305926K [0x0000000080000000, 0x00000000a7580000, 0x00000000d5580000)
  object space 644608K, 47% used [0x0000000080000000,0x0000000092ac1a80,0x00000000a7580000)
 Metaspace       used 84577K, committed 86464K, reserved 1179648K
  class space    used 8551K, committed 9408K, reserved 1048576K
}
Event: 399.102 GC heap before
{Heap before GC invocations=1560 (full 5):
 PSYoungGen      total 7168K, used 6927K [0x00000000d5580000, 0x00000000d6900000, 0x0000000100000000)
  eden space 6144K, 100% used [0x00000000d5580000,0x00000000d5b80000,0x00000000d5b80000)
  from space 1024K, 76% used [0x00000000d6800000,0x00000000d68c3c90,0x00000000d6900000)
  to   space 2560K, 0% used [0x00000000d6400000,0x00000000d6400000,0x00000000d6680000)
 ParOldGen       total 644608K, used 305926K [0x0000000080000000, 0x00000000a7580000, 0x00000000d5580000)
  object space 644608K, 47% used [0x0000000080000000,0x0000000092ac1a80,0x00000000a7580000)
 Metaspace       used 84579K, committed 86464K, reserved 1179648K
  class space    used 8551K, committed 9408K, reserved 1048576K
}
Event: 399.106 GC heap after
{Heap after GC invocations=1560 (full 5):
 PSYoungGen      total 8704K, used 1548K [0x00000000d5580000, 0x00000000d6880000, 0x0000000100000000)
  eden space 6144K, 0% used [0x00000000d5580000,0x00000000d5580000,0x00000000d5b80000)
  from space 2560K, 60% used [0x00000000d6400000,0x00000000d6583208,0x00000000d6680000)
  to   space 2048K, 0% used [0x00000000d6680000,0x00000000d6680000,0x00000000d6880000)
 ParOldGen       total 644608K, used 306419K [0x0000000080000000, 0x00000000a7580000, 0x00000000d5580000)
  object space 644608K, 47% used [0x0000000080000000,0x0000000092b3cd48,0x00000000a7580000)
 Metaspace       used 84579K, committed 86464K, reserved 1179648K
  class space    used 8551K, committed 9408K, reserved 1048576K
}
Event: 399.148 GC heap before
{Heap before GC invocations=1561 (full 5):
 PSYoungGen      total 8704K, used 7692K [0x00000000d5580000, 0x00000000d6880000, 0x0000000100000000)
  eden space 6144K, 100% used [0x00000000d5580000,0x00000000d5b80000,0x00000000d5b80000)
  from space 2560K, 60% used [0x00000000d6400000,0x00000000d6583208,0x00000000d6680000)
  to   space 2048K, 0% used [0x00000000d6680000,0x00000000d6680000,0x00000000d6880000)
 ParOldGen       total 644608K, used 306419K [0x0000000080000000, 0x00000000a7580000, 0x00000000d5580000)
  object space 644608K, 47% used [0x0000000080000000,0x0000000092b3cd48,0x00000000a7580000)
 Metaspace       used 84775K, committed 86656K, reserved 1179648K
  class space    used 8568K, committed 9408K, reserved 1048576K
}
Event: 399.151 GC heap after
{Heap after GC invocations=1561 (full 5):
 PSYoungGen      total 7680K, used 1347K [0x00000000d5580000, 0x00000000d6800000, 0x0000000100000000)
  eden space 6144K, 0% used [0x00000000d5580000,0x00000000d5580000,0x00000000d5b80000)
  from space 1536K, 87% used [0x00000000d6680000,0x00000000d67d0ef8,0x00000000d6800000)
  to   space 1536K, 0% used [0x00000000d6500000,0x00000000d6500000,0x00000000d6680000)
 ParOldGen       total 644608K, used 306999K [0x0000000080000000, 0x00000000a7580000, 0x00000000d5580000)
  object space 644608K, 47% used [0x0000000080000000,0x0000000092bcdc70,0x00000000a7580000)
 Metaspace       used 84775K, committed 86656K, reserved 1179648K
  class space    used 8568K, committed 9408K, reserved 1048576K
}
Event: 399.185 GC heap before
{Heap before GC invocations=1562 (full 5):
 PSYoungGen      total 7680K, used 7444K [0x00000000d5580000, 0x00000000d6800000, 0x0000000100000000)
  eden space 6144K, 99% used [0x00000000d5580000,0x00000000d5b74228,0x00000000d5b80000)
  from space 1536K, 87% used [0x00000000d6680000,0x00000000d67d0ef8,0x00000000d6800000)
  to   space 1536K, 0% used [0x00000000d6500000,0x00000000d6500000,0x00000000d6680000)
 ParOldGen       total 644608K, used 306999K [0x0000000080000000, 0x00000000a7580000, 0x00000000d5580000)
  object space 644608K, 47% used [0x0000000080000000,0x0000000092bcdc70,0x00000000a7580000)
 Metaspace       used 84953K, committed 86848K, reserved 1179648K
  class space    used 8576K, committed 9408K, reserved 1048576K
}
Event: 399.186 GC heap after
{Heap after GC invocations=1562 (full 5):
 PSYoungGen      total 7168K, used 652K [0x00000000d5580000, 0x00000000d6700000, 0x0000000100000000)
  eden space 6144K, 0% used [0x00000000d5580000,0x00000000d5580000,0x00000000d5b80000)
  from space 1024K, 63% used [0x00000000d6500000,0x00000000d65a33a8,0x00000000d6600000)
  to   space 1024K, 0% used [0x00000000d6600000,0x00000000d6600000,0x00000000d6700000)
 ParOldGen       total 644608K, used 307393K [0x0000000080000000, 0x00000000a7580000, 0x00000000d5580000)
  object space 644608K, 47% used [0x0000000080000000,0x0000000092c305f8,0x00000000a7580000)
 Metaspace       used 84953K, committed 86848K, reserved 1179648K
  class space    used 8576K, committed 9408K, reserved 1048576K
}
Event: 399.272 GC heap before
{Heap before GC invocations=1563 (full 5):
 PSYoungGen      total 7168K, used 6796K [0x00000000d5580000, 0x00000000d6700000, 0x0000000100000000)
  eden space 6144K, 100% used [0x00000000d5580000,0x00000000d5b80000,0x00000000d5b80000)
  from space 1024K, 63% used [0x00000000d6500000,0x00000000d65a33a8,0x00000000d6600000)
  to   space 1024K, 0% used [0x00000000d6600000,0x00000000d6600000,0x00000000d6700000)
 ParOldGen       total 644608K, used 307393K [0x0000000080000000, 0x00000000a7580000, 0x00000000d5580000)
  object space 644608K, 47% used [0x0000000080000000,0x0000000092c305f8,0x00000000a7580000)
 Metaspace       used 85222K, committed 87104K, reserved 1179648K
  class space    used 8598K, committed 9408K, reserved 1048576K
}
Event: 399.274 GC heap after
{Heap after GC invocations=1563 (full 5):
 PSYoungGen      total 7168K, used 1018K [0x00000000d5580000, 0x00000000d6700000, 0x0000000100000000)
  eden space 6144K, 0% used [0x00000000d5580000,0x00000000d5580000,0x00000000d5b80000)
  from space 1024K, 99% used [0x00000000d6600000,0x00000000d66fe900,0x00000000d6700000)
  to   space 1536K, 0% used [0x00000000d6400000,0x00000000d6400000,0x00000000d6580000)
 ParOldGen       total 644608K, used 307531K [0x0000000080000000, 0x00000000a7580000, 0x00000000d5580000)
  object space 644608K, 47% used [0x0000000080000000,0x0000000092c52f08,0x00000000a7580000)
 Metaspace       used 85222K, committed 87104K, reserved 1179648K
  class space    used 8598K, committed 9408K, reserved 1048576K
}
Event: 399.299 GC heap before
{Heap before GC invocations=1564 (full 5):
 PSYoungGen      total 7168K, used 7162K [0x00000000d5580000, 0x00000000d6700000, 0x0000000100000000)
  eden space 6144K, 100% used [0x00000000d5580000,0x00000000d5b80000,0x00000000d5b80000)
  from space 1024K, 99% used [0x00000000d6600000,0x00000000d66fe900,0x00000000d6700000)
  to   space 1536K, 0% used [0x00000000d6400000,0x00000000d6400000,0x00000000d6580000)
 ParOldGen       total 644608K, used 307531K [0x0000000080000000, 0x00000000a7580000, 0x00000000d5580000)
  object space 644608K, 47% used [0x0000000080000000,0x0000000092c52f08,0x00000000a7580000)
 Metaspace       used 85261K, committed 87104K, reserved 1179648K
  class space    used 8602K, committed 9408K, reserved 1048576K
}
Event: 399.443 GC heap after
{Heap after GC invocations=1564 (full 5):
 PSYoungGen      total 9216K, used 352K [0x00000000d5580000, 0x00000000d6680000, 0x0000000100000000)
  eden space 7680K, 0% used [0x00000000d5580000,0x00000000d5580000,0x00000000d5d00000)
  from space 1536K, 22% used [0x00000000d6400000,0x00000000d6458000,0x00000000d6580000)
  to   space 1024K, 0% used [0x00000000d6580000,0x00000000d6580000,0x00000000d6680000)
 ParOldGen       total 644608K, used 308312K [0x0000000080000000, 0x00000000a7580000, 0x00000000d5580000)
  object space 644608K, 47% used [0x0000000080000000,0x0000000092d16270,0x00000000a7580000)
 Metaspace       used 85261K, committed 87104K, reserved 1179648K
  class space    used 8602K, committed 9408K, reserved 1048576K
}
Event: 400.592 GC heap before
{Heap before GC invocations=1565 (full 5):
 PSYoungGen      total 9216K, used 8032K [0x00000000d5580000, 0x00000000d6680000, 0x0000000100000000)
  eden space 7680K, 100% used [0x00000000d5580000,0x00000000d5d00000,0x00000000d5d00000)
  from space 1536K, 22% used [0x00000000d6400000,0x00000000d6458000,0x00000000d6580000)
  to   space 1024K, 0% used [0x00000000d6580000,0x00000000d6580000,0x00000000d6680000)
 ParOldGen       total 644608K, used 308312K [0x0000000080000000, 0x00000000a7580000, 0x00000000d5580000)
  object space 644608K, 47% used [0x0000000080000000,0x0000000092d16270,0x00000000a7580000)
 Metaspace       used 85882K, committed 87808K, reserved 1179648K
  class space    used 8690K, committed 9536K, reserved 1048576K
}
Event: 400.594 GC heap after
{Heap after GC invocations=1565 (full 5):
 PSYoungGen      total 10240K, used 788K [0x00000000d5580000, 0x00000000d6680000, 0x0000000100000000)
  eden space 9216K, 0% used [0x00000000d5580000,0x00000000d5580000,0x00000000d5e80000)
  from space 1024K, 77% used [0x00000000d6580000,0x00000000d6645200,0x00000000d6680000)
  to   space 1024K, 0% used [0x00000000d6480000,0x00000000d6480000,0x00000000d6580000)
 ParOldGen       total 644608K, used 308384K [0x0000000080000000, 0x00000000a7580000, 0x00000000d5580000)
  object space 644608K, 47% used [0x0000000080000000,0x0000000092d28270,0x00000000a7580000)
 Metaspace       used 85882K, committed 87808K, reserved 1179648K
  class space    used 8690K, committed 9536K, reserved 1048576K
}
Event: 400.629 GC heap before
{Heap before GC invocations=1566 (full 5):
 PSYoungGen      total 10240K, used 10004K [0x00000000d5580000, 0x00000000d6680000, 0x0000000100000000)
  eden space 9216K, 100% used [0x00000000d5580000,0x00000000d5e80000,0x00000000d5e80000)
  from space 1024K, 77% used [0x00000000d6580000,0x00000000d6645200,0x00000000d6680000)
  to   space 1024K, 0% used [0x00000000d6480000,0x00000000d6480000,0x00000000d6580000)
 ParOldGen       total 644608K, used 308384K [0x0000000080000000, 0x00000000a7580000, 0x00000000d5580000)
  object space 644608K, 47% used [0x0000000080000000,0x0000000092d28270,0x00000000a7580000)
 Metaspace       used 85883K, committed 87808K, reserved 1179648K
  class space    used 8690K, committed 9536K, reserved 1048576K
}
Event: 400.631 GC heap after
{Heap after GC invocations=1566 (full 5):
 PSYoungGen      total 10240K, used 708K [0x00000000d5580000, 0x00000000d6600000, 0x0000000100000000)
  eden space 9216K, 0% used [0x00000000d5580000,0x00000000d5580000,0x00000000d5e80000)
  from space 1024K, 69% used [0x00000000d6480000,0x00000000d6531210,0x00000000d6580000)
  to   space 512K, 0% used [0x00000000d6580000,0x00000000d6580000,0x00000000d6600000)
 ParOldGen       total 644608K, used 308888K [0x0000000080000000, 0x00000000a7580000, 0x00000000d5580000)
  object space 644608K, 47% used [0x0000000080000000,0x0000000092da6270,0x00000000a7580000)
 Metaspace       used 85883K, committed 87808K, reserved 1179648K
  class space    used 8690K, committed 9536K, reserved 1048576K
}
Event: 699.364 GC heap before
{Heap before GC invocations=1567 (full 5):
 PSYoungGen      total 10240K, used 9924K [0x00000000d5580000, 0x00000000d6600000, 0x0000000100000000)
  eden space 9216K, 100% used [0x00000000d5580000,0x00000000d5e80000,0x00000000d5e80000)
  from space 1024K, 69% used [0x00000000d6480000,0x00000000d6531210,0x00000000d6580000)
  to   space 512K, 0% used [0x00000000d6580000,0x00000000d6580000,0x00000000d6600000)
 ParOldGen       total 644608K, used 308888K [0x0000000080000000, 0x00000000a7580000, 0x00000000d5580000)
  object space 644608K, 47% used [0x0000000080000000,0x0000000092da6270,0x00000000a7580000)
 Metaspace       used 85937K, committed 87808K, reserved 1179648K
  class space    used 8690K, committed 9536K, reserved 1048576K
}
Event: 699.459 GC heap after
{Heap after GC invocations=1567 (full 5):
 PSYoungGen      total 9728K, used 510K [0x00000000d5580000, 0x00000000d6600000, 0x0000000100000000)
  eden space 9216K, 0% used [0x00000000d5580000,0x00000000d5580000,0x00000000d5e80000)
  from space 512K, 99% used [0x00000000d6580000,0x00000000d65ffb08,0x00000000d6600000)
  to   space 1536K, 0% used [0x00000000d6300000,0x00000000d6300000,0x00000000d6480000)
 ParOldGen       total 644608K, used 309726K [0x0000000080000000, 0x00000000a7580000, 0x00000000d5580000)
  object space 644608K, 48% used [0x0000000080000000,0x0000000092e779e8,0x00000000a7580000)
 Metaspace       used 85937K, committed 87808K, reserved 1179648K
  class space    used 8690K, committed 9536K, reserved 1048576K
}

